Jan 23, 2023 12:34:32 AM com.google.cloud.datastore.emulator.firestore.websocket.WebSocketServer start
INFO: Started WebSocket server on ws://127.0.0.1:9150
API endpoint: http://127.0.0.1:8080
If you are using a library that supports the FIRESTORE_EMULATOR_HOST environment variable, run:

   export FIRESTORE_EMULATOR_HOST=127.0.0.1:8080

Dev App Server is now running.

Jan 23, 2023 12:34:32 AM com.google.cloud.datastore.emulator.firestore.websocket.WebSocketChannelHandler initChannel
INFO: Connected to new websocket client
Jan 23, 2023 12:44:41 AM com.google.cloud.datastore.emulator.firestore.websocket.WebSocketChannelHandler channelClosed
INFO: Websocket client disconnected
Jan 23, 2023 12:53:24 AM com.google.cloud.datastore.emulator.firestore.websocket.WebSocketChannelHandler initChannel
INFO: Connected to new websocket client
Jan 23, 2023 12:53:42 AM io.gapi.emulators.netty.HttpVersionRoutingHandler channelRead
INFO: Detected non-HTTP/2 connection.
Jan 23, 2023 12:53:42 AM io.gapi.emulators.netty.NotFoundHandler handleRequest
INFO: Unknown request URI: /ws/discovery
Jan 23, 2023 12:53:42 AM com.google.cloud.datastore.emulator.firestore.websocket.WebSocketChannelHandler channelClosed
INFO: Websocket client disconnected
Jan 23, 2023 12:53:42 AM com.google.cloud.datastore.emulator.firestore.websocket.WebSocketChannelHandler initChannel
INFO: Connected to new websocket client
Jan 23, 2023 12:53:44 AM io.gapi.emulators.netty.HttpVersionRoutingHandler channelRead
INFO: Detected non-HTTP/2 connection.
Jan 23, 2023 12:53:44 AM io.gapi.emulators.netty.HttpVersionRoutingHandler channelRead
INFO: Detected HTTP/2 connection.
Jan 23, 2023 12:53:44 AM io.gapi.emulators.netty.HttpVersionRoutingHandler channelRead
INFO: Detected non-HTTP/2 connection.
Jan 23, 2023 12:53:44 AM io.gapi.emulators.netty.NotFoundHandler handleRequest
INFO: Unknown request URI: /ws/discovery
Jan 23, 2023 12:53:46 AM io.gapi.emulators.netty.HttpVersionRoutingHandler channelRead
INFO: Detected non-HTTP/2 connection.
Jan 23, 2023 12:53:46 AM io.gapi.emulators.netty.HttpVersionRoutingHandler channelRead
INFO: Detected non-HTTP/2 connection.
Jan 23, 2023 12:53:46 AM io.gapi.emulators.netty.HttpVersionRoutingHandler channelRead
INFO: Detected non-HTTP/2 connection.
Jan 23, 2023 12:53:46 AM io.gapi.emulators.netty.HttpVersionRoutingHandler channelRead
INFO: Detected non-HTTP/2 connection.
Jan 23, 2023 12:53:46 AM io.gapi.emulators.netty.NotFoundHandler handleRequest
INFO: Unknown request URI: /ws/discovery
Jan 23, 2023 12:53:49 AM io.gapi.emulators.netty.HttpVersionRoutingHandler channelRead
INFO: Detected non-HTTP/2 connection.
Jan 23, 2023 12:53:49 AM io.gapi.emulators.netty.NotFoundHandler handleRequest
INFO: Unknown request URI: /ws/discovery
Jan 23, 2023 12:53:51 AM io.gapi.emulators.netty.HttpVersionRoutingHandler channelRead
INFO: Detected non-HTTP/2 connection.
Jan 23, 2023 12:53:51 AM io.gapi.emulators.netty.NotFoundHandler handleRequest
INFO: Unknown request URI: /ws/discovery
Jan 23, 2023 12:54:32 AM io.gapi.emulators.netty.HttpVersionRoutingHandler channelRead
INFO: Detected non-HTTP/2 connection.
Jan 23, 2023 12:54:32 AM io.gapi.emulators.netty.HttpVersionRoutingHandler channelRead
INFO: Detected non-HTTP/2 connection.
Jan 23, 2023 12:54:32 AM io.gapi.emulators.netty.HttpVersionRoutingHandler channelRead
INFO: Detected non-HTTP/2 connection.
Jan 23, 2023 12:54:32 AM io.gapi.emulators.netty.NotFoundHandler handleRequest
INFO: Unknown request URI: /ws/discovery
Jan 23, 2023 12:54:34 AM io.gapi.emulators.netty.HttpVersionRoutingHandler channelRead
INFO: Detected non-HTTP/2 connection.
Jan 23, 2023 12:54:34 AM io.gapi.emulators.netty.NotFoundHandler handleRequest
INFO: Unknown request URI: /ws/discovery
Jan 23, 2023 12:54:36 AM io.gapi.emulators.netty.HttpVersionRoutingHandler channelRead
INFO: Detected non-HTTP/2 connection.
Jan 23, 2023 12:54:36 AM io.gapi.emulators.netty.HttpVersionRoutingHandler channelRead
INFO: Detected non-HTTP/2 connection.
Jan 23, 2023 12:54:36 AM io.gapi.emulators.netty.HttpVersionRoutingHandler channelRead
INFO: Detected non-HTTP/2 connection.
Jan 23, 2023 12:54:36 AM io.gapi.emulators.netty.HttpVersionRoutingHandler channelRead
INFO: Detected non-HTTP/2 connection.
Jan 23, 2023 12:54:36 AM io.gapi.emulators.netty.NotFoundHandler handleRequest
INFO: Unknown request URI: /ws/discovery
Jan 23, 2023 12:54:36 AM io.gapi.emulators.netty.HttpVersionRoutingHandler channelRead
INFO: Detected non-HTTP/2 connection.
Jan 23, 2023 12:54:38 AM io.gapi.emulators.netty.HttpVersionRoutingHandler channelRead
INFO: Detected non-HTTP/2 connection.
Jan 23, 2023 12:54:38 AM io.gapi.emulators.netty.HttpVersionRoutingHandler channelRead
INFO: Detected non-HTTP/2 connection.
Jan 23, 2023 12:54:38 AM io.gapi.emulators.netty.NotFoundHandler handleRequest
INFO: Unknown request URI: /ws/discovery
Jan 23, 2023 12:54:40 AM io.gapi.emulators.netty.HttpVersionRoutingHandler channelRead
INFO: Detected non-HTTP/2 connection.
Jan 23, 2023 12:54:40 AM io.gapi.emulators.netty.NotFoundHandler handleRequest
INFO: Unknown request URI: /ws/discovery
Jan 23, 2023 12:54:41 AM io.gapi.emulators.netty.HttpVersionRoutingHandler channelRead
INFO: Detected non-HTTP/2 connection.
Jan 23, 2023 12:54:41 AM io.gapi.emulators.netty.HttpVersionRoutingHandler channelRead
INFO: Detected non-HTTP/2 connection.
Jan 23, 2023 12:54:41 AM io.gapi.emulators.netty.HttpVersionRoutingHandler channelRead
INFO: Detected non-HTTP/2 connection.
Jan 23, 2023 12:54:44 AM io.gapi.emulators.netty.HttpVersionRoutingHandler channelRead
INFO: Detected non-HTTP/2 connection.
Jan 23, 2023 12:54:44 AM io.gapi.emulators.netty.NotFoundHandler handleRequest
INFO: Unknown request URI: /ws/discovery
Jan 23, 2023 12:55:17 AM io.gapi.emulators.netty.HttpVersionRoutingHandler channelRead
INFO: Detected HTTP/2 connection.
Jan 23, 2023 12:55:17 AM io.gapi.emulators.netty.HttpVersionRoutingHandler channelRead
INFO: Detected non-HTTP/2 connection.
Jan 23, 2023 12:55:17 AM io.gapi.emulators.netty.NotFoundHandler handleRequest
INFO: Unknown request URI: /ws/discovery
Jan 23, 2023 12:55:41 AM io.gapi.emulators.netty.HttpVersionRoutingHandler channelRead
INFO: Detected non-HTTP/2 connection.
Jan 23, 2023 12:55:41 AM io.gapi.emulators.netty.HttpVersionRoutingHandler channelRead
INFO: Detected non-HTTP/2 connection.
Jan 23, 2023 12:55:41 AM com.google.cloud.datastore.emulator.firestore.webchannel.FirestoreV1WebChannelAdapter$FirestoreWriteHandler onClose
INFO: channel closed
Jan 23, 2023 12:55:47 AM io.gapi.emulators.netty.HttpVersionRoutingHandler channelRead
INFO: Detected non-HTTP/2 connection.
Jan 23, 2023 12:56:53 AM io.gapi.emulators.netty.HttpVersionRoutingHandler channelRead
INFO: Detected non-HTTP/2 connection.
Jan 23, 2023 12:56:53 AM io.gapi.emulators.netty.NotFoundHandler handleRequest
INFO: Unknown request URI: /ws/discovery
Jan 23, 2023 12:57:02 AM io.gapi.emulators.netty.HttpVersionRoutingHandler channelRead
INFO: Detected non-HTTP/2 connection.
Jan 23, 2023 12:58:02 AM io.gapi.emulators.netty.HttpVersionRoutingHandler channelRead
INFO: Detected non-HTTP/2 connection.
Jan 23, 2023 12:59:02 AM io.gapi.emulators.netty.HttpVersionRoutingHandler channelRead
INFO: Detected non-HTTP/2 connection.
Jan 23, 2023 1:00:02 AM io.gapi.emulators.netty.HttpVersionRoutingHandler channelRead
INFO: Detected non-HTTP/2 connection.
Jan 23, 2023 1:01:02 AM io.gapi.emulators.netty.HttpVersionRoutingHandler channelRead
INFO: Detected non-HTTP/2 connection.
Jan 23, 2023 1:01:41 AM io.gapi.emulators.netty.HttpVersionRoutingHandler channelRead
INFO: Detected non-HTTP/2 connection.
Jan 23, 2023 1:01:41 AM io.gapi.emulators.netty.NotFoundHandler handleRequest
INFO: Unknown request URI: /ws/discovery
Jan 23, 2023 1:02:02 AM io.gapi.emulators.netty.HttpVersionRoutingHandler channelRead
INFO: Detected non-HTTP/2 connection.
Jan 23, 2023 1:03:02 AM io.gapi.emulators.netty.HttpVersionRoutingHandler channelRead
INFO: Detected non-HTTP/2 connection.
Jan 23, 2023 1:03:48 AM io.gapi.emulators.netty.HttpVersionRoutingHandler channelRead
INFO: Detected non-HTTP/2 connection.
Jan 23, 2023 1:04:34 AM io.gapi.emulators.netty.HttpVersionRoutingHandler channelRead
INFO: Detected non-HTTP/2 connection.
Jan 23, 2023 1:05:20 AM io.gapi.emulators.netty.HttpVersionRoutingHandler channelRead
INFO: Detected non-HTTP/2 connection.
Jan 23, 2023 1:06:06 AM io.gapi.emulators.netty.HttpVersionRoutingHandler channelRead
INFO: Detected non-HTTP/2 connection.
Jan 23, 2023 1:07:06 AM io.gapi.emulators.netty.HttpVersionRoutingHandler channelRead
INFO: Detected non-HTTP/2 connection.
Jan 23, 2023 1:08:06 AM io.gapi.emulators.netty.HttpVersionRoutingHandler channelRead
INFO: Detected non-HTTP/2 connection.
Jan 23, 2023 1:09:06 AM io.gapi.emulators.netty.HttpVersionRoutingHandler channelRead
INFO: Detected non-HTTP/2 connection.
Jan 23, 2023 1:10:06 AM io.gapi.emulators.netty.HttpVersionRoutingHandler channelRead
INFO: Detected non-HTTP/2 connection.
Jan 23, 2023 1:11:06 AM io.gapi.emulators.netty.HttpVersionRoutingHandler channelRead
INFO: Detected non-HTTP/2 connection.
Jan 23, 2023 1:12:06 AM io.gapi.emulators.netty.HttpVersionRoutingHandler channelRead
INFO: Detected non-HTTP/2 connection.
Jan 23, 2023 1:13:03 AM io.gapi.emulators.netty.HttpVersionRoutingHandler channelRead
INFO: Detected non-HTTP/2 connection.
Jan 23, 2023 1:13:58 AM io.gapi.emulators.netty.HttpVersionRoutingHandler channelRead
INFO: Detected non-HTTP/2 connection.
Jan 23, 2023 1:14:58 AM io.gapi.emulators.netty.HttpVersionRoutingHandler channelRead
INFO: Detected non-HTTP/2 connection.
Jan 23, 2023 1:15:58 AM io.gapi.emulators.netty.HttpVersionRoutingHandler channelRead
INFO: Detected non-HTTP/2 connection.
Jan 23, 2023 1:16:47 AM io.gapi.emulators.netty.HttpVersionRoutingHandler channelRead
INFO: Detected non-HTTP/2 connection.
Jan 23, 2023 1:17:47 AM io.gapi.emulators.netty.HttpVersionRoutingHandler channelRead
INFO: Detected non-HTTP/2 connection.
Jan 23, 2023 1:18:47 AM io.gapi.emulators.netty.HttpVersionRoutingHandler channelRead
INFO: Detected non-HTTP/2 connection.
Jan 23, 2023 1:19:39 AM io.gapi.emulators.netty.HttpVersionRoutingHandler channelRead
INFO: Detected non-HTTP/2 connection.
Jan 23, 2023 1:20:39 AM io.gapi.emulators.netty.HttpVersionRoutingHandler channelRead
INFO: Detected non-HTTP/2 connection.
Jan 23, 2023 1:21:02 AM com.google.cloud.datastore.emulator.firestore.websocket.WebSocketChannelHandler channelClosed
INFO: Websocket client disconnected
Jan 23, 2023 1:21:02 AM io.gapi.emulators.netty.HttpVersionRoutingHandler channelRead
INFO: Detected non-HTTP/2 connection.
Jan 23, 2023 1:24:55 AM com.google.cloud.datastore.emulator.firestore.websocket.WebSocketChannelHandler initChannel
INFO: Connected to new websocket client
Jan 23, 2023 1:25:02 AM io.gapi.emulators.netty.HttpVersionRoutingHandler channelRead
INFO: Detected non-HTTP/2 connection.
Jan 23, 2023 1:26:02 AM io.gapi.emulators.netty.HttpVersionRoutingHandler channelRead
INFO: Detected non-HTTP/2 connection.
Jan 23, 2023 1:27:02 AM io.gapi.emulators.netty.HttpVersionRoutingHandler channelRead
INFO: Detected non-HTTP/2 connection.
Jan 23, 2023 1:28:02 AM io.gapi.emulators.netty.HttpVersionRoutingHandler channelRead
INFO: Detected non-HTTP/2 connection.
Jan 23, 2023 1:29:02 AM io.gapi.emulators.netty.HttpVersionRoutingHandler channelRead
INFO: Detected non-HTTP/2 connection.
Jan 23, 2023 1:30:02 AM io.gapi.emulators.netty.HttpVersionRoutingHandler channelRead
INFO: Detected non-HTTP/2 connection.
Jan 23, 2023 1:31:02 AM io.gapi.emulators.netty.HttpVersionRoutingHandler channelRead
INFO: Detected non-HTTP/2 connection.
Jan 23, 2023 1:32:02 AM io.gapi.emulators.netty.HttpVersionRoutingHandler channelRead
INFO: Detected non-HTTP/2 connection.
Jan 23, 2023 1:33:02 AM io.gapi.emulators.netty.HttpVersionRoutingHandler channelRead
INFO: Detected non-HTTP/2 connection.
Jan 23, 2023 1:34:02 AM io.gapi.emulators.netty.HttpVersionRoutingHandler channelRead
INFO: Detected non-HTTP/2 connection.
Jan 23, 2023 1:35:02 AM io.gapi.emulators.netty.HttpVersionRoutingHandler channelRead
INFO: Detected non-HTTP/2 connection.
Jan 23, 2023 1:36:02 AM io.gapi.emulators.netty.HttpVersionRoutingHandler channelRead
INFO: Detected non-HTTP/2 connection.
Jan 23, 2023 1:36:38 AM com.google.cloud.datastore.emulator.firestore.websocket.WebSocketChannelHandler channelClosed
INFO: Websocket client disconnected
Jan 23, 2023 1:36:38 AM io.gapi.emulators.netty.HttpVersionRoutingHandler channelRead
INFO: Detected non-HTTP/2 connection.
Jan 23, 2023 1:36:54 AM com.google.cloud.datastore.emulator.firestore.websocket.WebSocketChannelHandler initChannel
INFO: Connected to new websocket client
Jan 23, 2023 1:37:38 AM io.gapi.emulators.netty.HttpVersionRoutingHandler channelRead
INFO: Detected non-HTTP/2 connection.
Jan 23, 2023 1:38:38 AM io.gapi.emulators.netty.HttpVersionRoutingHandler channelRead
INFO: Detected non-HTTP/2 connection.
Jan 23, 2023 1:39:38 AM io.gapi.emulators.netty.HttpVersionRoutingHandler channelRead
INFO: Detected non-HTTP/2 connection.
Jan 23, 2023 1:40:38 AM io.gapi.emulators.netty.HttpVersionRoutingHandler channelRead
INFO: Detected non-HTTP/2 connection.
Jan 23, 2023 1:41:38 AM io.gapi.emulators.netty.HttpVersionRoutingHandler channelRead
INFO: Detected non-HTTP/2 connection.
Jan 23, 2023 1:42:23 AM io.gapi.emulators.netty.HttpVersionRoutingHandler channelRead
INFO: Detected non-HTTP/2 connection.
Jan 23, 2023 1:43:23 AM io.gapi.emulators.netty.HttpVersionRoutingHandler channelRead
INFO: Detected non-HTTP/2 connection.
Jan 23, 2023 1:44:23 AM io.gapi.emulators.netty.HttpVersionRoutingHandler channelRead
INFO: Detected non-HTTP/2 connection.
Jan 23, 2023 1:45:23 AM io.gapi.emulators.netty.HttpVersionRoutingHandler channelRead
INFO: Detected non-HTTP/2 connection.
Jan 23, 2023 1:46:23 AM io.gapi.emulators.netty.HttpVersionRoutingHandler channelRead
INFO: Detected non-HTTP/2 connection.
Jan 23, 2023 1:47:19 AM io.gapi.emulators.netty.HttpVersionRoutingHandler channelRead
INFO: Detected non-HTTP/2 connection.
Jan 23, 2023 1:47:19 AM io.gapi.emulators.netty.HttpVersionRoutingHandler channelRead
INFO: Detected non-HTTP/2 connection.
Jan 23, 2023 1:47:19 AM io.gapi.emulators.netty.HttpVersionRoutingHandler channelRead
INFO: Detected non-HTTP/2 connection.
Jan 23, 2023 1:47:19 AM io.gapi.emulators.netty.HttpVersionRoutingHandler channelRead
INFO: Detected non-HTTP/2 connection.
Jan 23, 2023 1:47:19 AM io.gapi.emulators.netty.NotFoundHandler handleRequest
INFO: Unknown request URI: /ws/discovery
Jan 23, 2023 1:47:19 AM io.gapi.emulators.netty.HttpVersionRoutingHandler channelRead
INFO: Detected HTTP/2 connection.
Jan 23, 2023 1:47:23 AM io.gapi.emulators.netty.HttpVersionRoutingHandler channelRead
INFO: Detected non-HTTP/2 connection.
Jan 23, 2023 1:48:23 AM io.gapi.emulators.netty.HttpVersionRoutingHandler channelRead
INFO: Detected non-HTTP/2 connection.
Jan 23, 2023 1:49:23 AM io.gapi.emulators.netty.HttpVersionRoutingHandler channelRead
INFO: Detected non-HTTP/2 connection.
Jan 23, 2023 1:50:09 AM io.gapi.emulators.netty.HttpVersionRoutingHandler channelRead
INFO: Detected non-HTTP/2 connection.
Jan 23, 2023 1:51:09 AM io.gapi.emulators.netty.HttpVersionRoutingHandler channelRead
INFO: Detected non-HTTP/2 connection.
Jan 23, 2023 1:52:09 AM io.gapi.emulators.netty.HttpVersionRoutingHandler channelRead
INFO: Detected non-HTTP/2 connection.
Jan 23, 2023 1:53:09 AM io.gapi.emulators.netty.HttpVersionRoutingHandler channelRead
INFO: Detected non-HTTP/2 connection.
Jan 23, 2023 1:54:03 AM io.gapi.emulators.netty.HttpVersionRoutingHandler channelRead
INFO: Detected HTTP/2 connection.
Jan 23, 2023 1:54:09 AM io.gapi.emulators.netty.HttpVersionRoutingHandler channelRead
INFO: Detected non-HTTP/2 connection.
Jan 23, 2023 1:54:31 AM io.gapi.emulators.netty.HttpVersionRoutingHandler channelRead
INFO: Detected non-HTTP/2 connection.
Jan 23, 2023 1:54:31 AM io.gapi.emulators.netty.HttpVersionRoutingHandler channelRead
INFO: Detected non-HTTP/2 connection.
Jan 23, 2023 1:54:31 AM io.gapi.emulators.netty.HttpVersionRoutingHandler channelRead
INFO: Detected non-HTTP/2 connection.
Jan 23, 2023 1:54:31 AM io.gapi.emulators.netty.HttpVersionRoutingHandler channelRead
INFO: Detected non-HTTP/2 connection.
Jan 23, 2023 1:54:31 AM io.gapi.emulators.netty.NotFoundHandler handleRequest
INFO: Unknown request URI: /ws/discovery
Jan 23, 2023 1:54:56 AM io.gapi.emulators.netty.HttpVersionRoutingHandler channelRead
INFO: Detected non-HTTP/2 connection.
Jan 23, 2023 1:55:45 AM io.gapi.emulators.netty.HttpVersionRoutingHandler channelRead
INFO: Detected non-HTTP/2 connection.
Jan 23, 2023 1:56:33 AM io.gapi.emulators.netty.HttpVersionRoutingHandler channelRead
INFO: Detected non-HTTP/2 connection.
Jan 23, 2023 1:57:10 AM io.gapi.emulators.netty.HttpVersionRoutingHandler channelRead
INFO: Detected HTTP/2 connection.
Jan 23, 2023 1:57:28 AM io.gapi.emulators.netty.HttpVersionRoutingHandler channelRead
INFO: Detected non-HTTP/2 connection.
Jan 23, 2023 1:58:14 AM io.gapi.emulators.netty.HttpVersionRoutingHandler channelRead
INFO: Detected non-HTTP/2 connection.
Jan 23, 2023 1:58:29 AM io.gapi.emulators.netty.HttpVersionRoutingHandler channelRead
INFO: Detected non-HTTP/2 connection.
Jan 23, 2023 1:58:29 AM io.gapi.emulators.netty.NotFoundHandler handleRequest
INFO: Unknown request URI: /ws/discovery
Jan 23, 2023 1:58:52 AM io.gapi.emulators.netty.HttpVersionRoutingHandler channelRead
INFO: Detected non-HTTP/2 connection.
Jan 23, 2023 1:58:52 AM io.gapi.emulators.netty.NotFoundHandler handleRequest
INFO: Unknown request URI: /ws/discovery
Jan 23, 2023 1:59:24 AM io.gapi.emulators.netty.HttpVersionRoutingHandler channelRead
INFO: Detected non-HTTP/2 connection.
Jan 23, 2023 1:59:29 AM io.gapi.emulators.netty.HttpVersionRoutingHandler channelRead
INFO: Detected non-HTTP/2 connection.
Jan 23, 2023 1:59:29 AM io.gapi.emulators.netty.NotFoundHandler handleRequest
INFO: Unknown request URI: /ws/discovery
Jan 23, 2023 2:00:27 AM io.gapi.emulators.netty.HttpVersionRoutingHandler channelRead
INFO: Detected non-HTTP/2 connection.
Jan 23, 2023 2:01:27 AM io.gapi.emulators.netty.HttpVersionRoutingHandler channelRead
INFO: Detected non-HTTP/2 connection.
Jan 23, 2023 2:02:27 AM io.gapi.emulators.netty.HttpVersionRoutingHandler channelRead
INFO: Detected non-HTTP/2 connection.
Jan 23, 2023 2:03:13 AM io.gapi.emulators.netty.HttpVersionRoutingHandler channelRead
INFO: Detected non-HTTP/2 connection.
Jan 23, 2023 2:03:58 AM io.gapi.emulators.netty.HttpVersionRoutingHandler channelRead
INFO: Detected non-HTTP/2 connection.
Jan 23, 2023 2:04:58 AM io.gapi.emulators.netty.HttpVersionRoutingHandler channelRead
INFO: Detected non-HTTP/2 connection.
Jan 23, 2023 2:05:58 AM io.gapi.emulators.netty.HttpVersionRoutingHandler channelRead
INFO: Detected non-HTTP/2 connection.
Jan 23, 2023 2:06:58 AM io.gapi.emulators.netty.HttpVersionRoutingHandler channelRead
INFO: Detected non-HTTP/2 connection.
Jan 23, 2023 2:07:58 AM io.gapi.emulators.netty.HttpVersionRoutingHandler channelRead
INFO: Detected non-HTTP/2 connection.
Jan 23, 2023 2:08:48 AM io.gapi.emulators.netty.HttpVersionRoutingHandler channelRead
INFO: Detected HTTP/2 connection.
Jan 23, 2023 2:09:10 AM io.gapi.emulators.netty.HttpVersionRoutingHandler channelRead
INFO: Detected non-HTTP/2 connection.
Jan 23, 2023 2:09:18 AM io.gapi.emulators.netty.HttpVersionRoutingHandler channelRead
INFO: Detected non-HTTP/2 connection.
Jan 23, 2023 2:09:18 AM io.gapi.emulators.netty.HttpVersionRoutingHandler channelRead
INFO: Detected non-HTTP/2 connection.
Jan 23, 2023 2:09:18 AM io.gapi.emulators.netty.HttpVersionRoutingHandler channelRead
INFO: Detected non-HTTP/2 connection.
Jan 23, 2023 2:09:18 AM io.gapi.emulators.netty.HttpVersionRoutingHandler channelRead
INFO: Detected non-HTTP/2 connection.
Jan 23, 2023 2:09:18 AM io.gapi.emulators.netty.NotFoundHandler handleRequest
INFO: Unknown request URI: /ws/discovery
Jan 23, 2023 2:09:20 AM io.gapi.emulators.netty.HttpVersionRoutingHandler channelRead
INFO: Detected non-HTTP/2 connection.
Jan 23, 2023 2:09:20 AM io.gapi.emulators.netty.NotFoundHandler handleRequest
INFO: Unknown request URI: /ws/discovery
Jan 23, 2023 2:09:21 AM io.gapi.emulators.netty.HttpVersionRoutingHandler channelRead
INFO: Detected non-HTTP/2 connection.
Jan 23, 2023 2:09:21 AM io.gapi.emulators.netty.HttpVersionRoutingHandler channelRead
INFO: Detected non-HTTP/2 connection.
Jan 23, 2023 2:09:22 AM io.gapi.emulators.netty.HttpVersionRoutingHandler channelRead
INFO: Detected non-HTTP/2 connection.
Jan 23, 2023 2:09:22 AM io.gapi.emulators.netty.NotFoundHandler handleRequest
INFO: Unknown request URI: /ws/discovery
Jan 23, 2023 2:09:22 AM io.gapi.emulators.netty.HttpVersionRoutingHandler channelRead
INFO: Detected non-HTTP/2 connection.
Jan 23, 2023 2:09:24 AM io.gapi.emulators.netty.HttpVersionRoutingHandler channelRead
INFO: Detected non-HTTP/2 connection.
Jan 23, 2023 2:09:24 AM io.gapi.emulators.netty.NotFoundHandler handleRequest
INFO: Unknown request URI: /ws/discovery
Jan 23, 2023 2:09:25 AM io.gapi.emulators.netty.HttpVersionRoutingHandler channelRead
INFO: Detected non-HTTP/2 connection.
Jan 23, 2023 2:09:26 AM io.gapi.emulators.netty.HttpVersionRoutingHandler channelRead
INFO: Detected non-HTTP/2 connection.
Jan 23, 2023 2:09:26 AM io.gapi.emulators.netty.NotFoundHandler handleRequest
INFO: Unknown request URI: /ws/discovery
Jan 23, 2023 2:09:26 AM io.gapi.emulators.netty.HttpVersionRoutingHandler channelRead
INFO: Detected non-HTTP/2 connection.
Jan 23, 2023 2:09:27 AM io.gapi.emulators.netty.HttpVersionRoutingHandler channelRead
INFO: Detected non-HTTP/2 connection.
Jan 23, 2023 2:09:28 AM io.gapi.emulators.netty.HttpVersionRoutingHandler channelRead
INFO: Detected non-HTTP/2 connection.
Jan 23, 2023 2:09:28 AM io.gapi.emulators.netty.NotFoundHandler handleRequest
INFO: Unknown request URI: /ws/discovery
Jan 23, 2023 2:09:28 AM io.gapi.emulators.netty.HttpVersionRoutingHandler channelRead
INFO: Detected non-HTTP/2 connection.
Jan 23, 2023 2:09:29 AM io.gapi.emulators.netty.HttpVersionRoutingHandler channelRead
INFO: Detected non-HTTP/2 connection.
Jan 23, 2023 2:09:30 AM io.gapi.emulators.netty.HttpVersionRoutingHandler channelRead
INFO: Detected non-HTTP/2 connection.
Jan 23, 2023 2:09:30 AM io.gapi.emulators.netty.HttpVersionRoutingHandler channelRead
INFO: Detected non-HTTP/2 connection.
Jan 23, 2023 2:09:30 AM io.gapi.emulators.netty.NotFoundHandler handleRequest
INFO: Unknown request URI: /ws/discovery
Jan 23, 2023 2:09:32 AM io.gapi.emulators.netty.HttpVersionRoutingHandler channelRead
INFO: Detected non-HTTP/2 connection.
Jan 23, 2023 2:09:32 AM io.gapi.emulators.netty.NotFoundHandler handleRequest
INFO: Unknown request URI: /ws/discovery
Jan 23, 2023 2:09:32 AM io.gapi.emulators.netty.HttpVersionRoutingHandler channelRead
INFO: Detected non-HTTP/2 connection.
Jan 23, 2023 2:09:34 AM io.gapi.emulators.netty.HttpVersionRoutingHandler channelRead
INFO: Detected non-HTTP/2 connection.
Jan 23, 2023 2:09:34 AM io.gapi.emulators.netty.NotFoundHandler handleRequest
INFO: Unknown request URI: /ws/discovery
Jan 23, 2023 2:09:35 AM io.gapi.emulators.netty.HttpVersionRoutingHandler channelRead
INFO: Detected non-HTTP/2 connection.
Jan 23, 2023 2:09:36 AM io.gapi.emulators.netty.HttpVersionRoutingHandler channelRead
INFO: Detected non-HTTP/2 connection.
Jan 23, 2023 2:09:36 AM io.gapi.emulators.netty.NotFoundHandler handleRequest
INFO: Unknown request URI: /ws/discovery
Jan 23, 2023 2:09:36 AM io.gapi.emulators.netty.HttpVersionRoutingHandler channelRead
INFO: Detected non-HTTP/2 connection.
Jan 23, 2023 2:09:38 AM io.gapi.emulators.netty.HttpVersionRoutingHandler channelRead
INFO: Detected non-HTTP/2 connection.
Jan 23, 2023 2:09:38 AM io.gapi.emulators.netty.NotFoundHandler handleRequest
INFO: Unknown request URI: /ws/discovery
Jan 23, 2023 2:09:40 AM io.gapi.emulators.netty.HttpVersionRoutingHandler channelRead
INFO: Detected non-HTTP/2 connection.
Jan 23, 2023 2:09:40 AM io.gapi.emulators.netty.NotFoundHandler handleRequest
INFO: Unknown request URI: /ws/discovery
Jan 23, 2023 2:09:42 AM io.gapi.emulators.netty.HttpVersionRoutingHandler channelRead
INFO: Detected non-HTTP/2 connection.
Jan 23, 2023 2:09:42 AM io.gapi.emulators.netty.NotFoundHandler handleRequest
INFO: Unknown request URI: /ws/discovery
Jan 23, 2023 2:09:44 AM io.gapi.emulators.netty.HttpVersionRoutingHandler channelRead
INFO: Detected non-HTTP/2 connection.
Jan 23, 2023 2:09:44 AM io.gapi.emulators.netty.NotFoundHandler handleRequest
INFO: Unknown request URI: /ws/discovery
Jan 23, 2023 2:09:46 AM io.gapi.emulators.netty.HttpVersionRoutingHandler channelRead
INFO: Detected non-HTTP/2 connection.
Jan 23, 2023 2:09:46 AM io.gapi.emulators.netty.NotFoundHandler handleRequest
INFO: Unknown request URI: /ws/discovery
Jan 23, 2023 2:09:48 AM io.gapi.emulators.netty.HttpVersionRoutingHandler channelRead
INFO: Detected non-HTTP/2 connection.
Jan 23, 2023 2:09:48 AM io.gapi.emulators.netty.NotFoundHandler handleRequest
INFO: Unknown request URI: /ws/discovery
Jan 23, 2023 2:09:50 AM io.gapi.emulators.netty.HttpVersionRoutingHandler channelRead
INFO: Detected non-HTTP/2 connection.
Jan 23, 2023 2:09:50 AM io.gapi.emulators.netty.NotFoundHandler handleRequest
INFO: Unknown request URI: /ws/discovery
Jan 23, 2023 2:09:52 AM io.gapi.emulators.netty.HttpVersionRoutingHandler channelRead
INFO: Detected non-HTTP/2 connection.
Jan 23, 2023 2:09:52 AM io.gapi.emulators.netty.NotFoundHandler handleRequest
INFO: Unknown request URI: /ws/discovery
Jan 23, 2023 2:09:54 AM io.gapi.emulators.netty.HttpVersionRoutingHandler channelRead
INFO: Detected non-HTTP/2 connection.
Jan 23, 2023 2:09:54 AM io.gapi.emulators.netty.NotFoundHandler handleRequest
INFO: Unknown request URI: /ws/discovery
Jan 23, 2023 2:09:56 AM io.gapi.emulators.netty.HttpVersionRoutingHandler channelRead
INFO: Detected non-HTTP/2 connection.
Jan 23, 2023 2:09:56 AM io.gapi.emulators.netty.NotFoundHandler handleRequest
INFO: Unknown request URI: /ws/discovery
Jan 23, 2023 2:09:58 AM io.gapi.emulators.netty.HttpVersionRoutingHandler channelRead
INFO: Detected non-HTTP/2 connection.
Jan 23, 2023 2:09:58 AM io.gapi.emulators.netty.NotFoundHandler handleRequest
INFO: Unknown request URI: /ws/discovery
Jan 23, 2023 2:10:00 AM io.gapi.emulators.netty.HttpVersionRoutingHandler channelRead
INFO: Detected non-HTTP/2 connection.
Jan 23, 2023 2:10:00 AM io.gapi.emulators.netty.NotFoundHandler handleRequest
INFO: Unknown request URI: /ws/discovery
Jan 23, 2023 2:10:02 AM io.gapi.emulators.netty.HttpVersionRoutingHandler channelRead
INFO: Detected non-HTTP/2 connection.
Jan 23, 2023 2:10:02 AM io.gapi.emulators.netty.NotFoundHandler handleRequest
INFO: Unknown request URI: /ws/discovery
Jan 23, 2023 2:10:04 AM io.gapi.emulators.netty.HttpVersionRoutingHandler channelRead
INFO: Detected non-HTTP/2 connection.
Jan 23, 2023 2:10:04 AM io.gapi.emulators.netty.NotFoundHandler handleRequest
INFO: Unknown request URI: /ws/discovery
Jan 23, 2023 2:10:06 AM io.gapi.emulators.netty.HttpVersionRoutingHandler channelRead
INFO: Detected non-HTTP/2 connection.
Jan 23, 2023 2:10:06 AM io.gapi.emulators.netty.HttpVersionRoutingHandler channelRead
INFO: Detected non-HTTP/2 connection.
Jan 23, 2023 2:10:06 AM io.gapi.emulators.netty.NotFoundHandler handleRequest
INFO: Unknown request URI: /ws/discovery
Jan 23, 2023 2:10:08 AM io.gapi.emulators.netty.HttpVersionRoutingHandler channelRead
INFO: Detected non-HTTP/2 connection.
Jan 23, 2023 2:10:08 AM io.gapi.emulators.netty.NotFoundHandler handleRequest
INFO: Unknown request URI: /ws/discovery
Jan 23, 2023 2:10:10 AM io.gapi.emulators.netty.HttpVersionRoutingHandler channelRead
INFO: Detected non-HTTP/2 connection.
Jan 23, 2023 2:10:10 AM io.gapi.emulators.netty.NotFoundHandler handleRequest
INFO: Unknown request URI: /ws/discovery
Jan 23, 2023 2:10:12 AM io.gapi.emulators.netty.HttpVersionRoutingHandler channelRead
INFO: Detected non-HTTP/2 connection.
Jan 23, 2023 2:10:12 AM io.gapi.emulators.netty.NotFoundHandler handleRequest
INFO: Unknown request URI: /ws/discovery
Jan 23, 2023 2:10:14 AM io.gapi.emulators.netty.HttpVersionRoutingHandler channelRead
INFO: Detected non-HTTP/2 connection.
Jan 23, 2023 2:10:14 AM io.gapi.emulators.netty.NotFoundHandler handleRequest
INFO: Unknown request URI: /ws/discovery
Jan 23, 2023 2:10:16 AM io.gapi.emulators.netty.HttpVersionRoutingHandler channelRead
INFO: Detected non-HTTP/2 connection.
Jan 23, 2023 2:10:16 AM io.gapi.emulators.netty.NotFoundHandler handleRequest
INFO: Unknown request URI: /ws/discovery
Jan 23, 2023 2:10:18 AM io.gapi.emulators.netty.HttpVersionRoutingHandler channelRead
INFO: Detected non-HTTP/2 connection.
Jan 23, 2023 2:10:18 AM io.gapi.emulators.netty.NotFoundHandler handleRequest
INFO: Unknown request URI: /ws/discovery
Jan 23, 2023 2:10:20 AM io.gapi.emulators.netty.HttpVersionRoutingHandler channelRead
INFO: Detected non-HTTP/2 connection.
Jan 23, 2023 2:10:20 AM io.gapi.emulators.netty.NotFoundHandler handleRequest
INFO: Unknown request URI: /ws/discovery
Jan 23, 2023 2:10:22 AM io.gapi.emulators.netty.HttpVersionRoutingHandler channelRead
INFO: Detected non-HTTP/2 connection.
Jan 23, 2023 2:10:22 AM io.gapi.emulators.netty.NotFoundHandler handleRequest
INFO: Unknown request URI: /ws/discovery
Jan 23, 2023 2:10:24 AM io.gapi.emulators.netty.HttpVersionRoutingHandler channelRead
INFO: Detected non-HTTP/2 connection.
Jan 23, 2023 2:10:24 AM io.gapi.emulators.netty.NotFoundHandler handleRequest
INFO: Unknown request URI: /ws/discovery
Jan 23, 2023 2:10:26 AM io.gapi.emulators.netty.HttpVersionRoutingHandler channelRead
INFO: Detected non-HTTP/2 connection.
Jan 23, 2023 2:10:26 AM io.gapi.emulators.netty.NotFoundHandler handleRequest
INFO: Unknown request URI: /ws/discovery
Jan 23, 2023 2:10:28 AM io.gapi.emulators.netty.HttpVersionRoutingHandler channelRead
INFO: Detected non-HTTP/2 connection.
Jan 23, 2023 2:10:28 AM io.gapi.emulators.netty.NotFoundHandler handleRequest
INFO: Unknown request URI: /ws/discovery
Jan 23, 2023 2:10:30 AM io.gapi.emulators.netty.HttpVersionRoutingHandler channelRead
INFO: Detected non-HTTP/2 connection.
Jan 23, 2023 2:10:30 AM io.gapi.emulators.netty.NotFoundHandler handleRequest
INFO: Unknown request URI: /ws/discovery
Jan 23, 2023 2:10:32 AM io.gapi.emulators.netty.HttpVersionRoutingHandler channelRead
INFO: Detected non-HTTP/2 connection.
Jan 23, 2023 2:10:32 AM io.gapi.emulators.netty.NotFoundHandler handleRequest
INFO: Unknown request URI: /ws/discovery
Jan 23, 2023 2:10:34 AM io.gapi.emulators.netty.HttpVersionRoutingHandler channelRead
INFO: Detected non-HTTP/2 connection.
Jan 23, 2023 2:10:34 AM io.gapi.emulators.netty.NotFoundHandler handleRequest
INFO: Unknown request URI: /ws/discovery
Jan 23, 2023 2:10:37 AM io.gapi.emulators.netty.HttpVersionRoutingHandler channelRead
INFO: Detected non-HTTP/2 connection.
Jan 23, 2023 2:10:37 AM io.gapi.emulators.netty.NotFoundHandler handleRequest
INFO: Unknown request URI: /ws/discovery
Jan 23, 2023 2:10:39 AM io.gapi.emulators.netty.HttpVersionRoutingHandler channelRead
INFO: Detected non-HTTP/2 connection.
Jan 23, 2023 2:10:39 AM io.gapi.emulators.netty.NotFoundHandler handleRequest
INFO: Unknown request URI: /ws/discovery
Jan 23, 2023 2:10:41 AM io.gapi.emulators.netty.HttpVersionRoutingHandler channelRead
INFO: Detected non-HTTP/2 connection.
Jan 23, 2023 2:10:41 AM io.gapi.emulators.netty.NotFoundHandler handleRequest
INFO: Unknown request URI: /ws/discovery
Jan 23, 2023 2:10:43 AM io.gapi.emulators.netty.HttpVersionRoutingHandler channelRead
INFO: Detected non-HTTP/2 connection.
Jan 23, 2023 2:10:43 AM io.gapi.emulators.netty.NotFoundHandler handleRequest
INFO: Unknown request URI: /ws/discovery
Jan 23, 2023 2:10:45 AM io.gapi.emulators.netty.HttpVersionRoutingHandler channelRead
INFO: Detected non-HTTP/2 connection.
Jan 23, 2023 2:10:45 AM io.gapi.emulators.netty.NotFoundHandler handleRequest
INFO: Unknown request URI: /ws/discovery
Jan 23, 2023 2:10:47 AM io.gapi.emulators.netty.HttpVersionRoutingHandler channelRead
INFO: Detected non-HTTP/2 connection.
Jan 23, 2023 2:10:47 AM io.gapi.emulators.netty.NotFoundHandler handleRequest
INFO: Unknown request URI: /ws/discovery
Jan 23, 2023 2:10:49 AM io.gapi.emulators.netty.HttpVersionRoutingHandler channelRead
INFO: Detected non-HTTP/2 connection.
Jan 23, 2023 2:10:49 AM io.gapi.emulators.netty.NotFoundHandler handleRequest
INFO: Unknown request URI: /ws/discovery
Jan 23, 2023 2:10:51 AM io.gapi.emulators.netty.HttpVersionRoutingHandler channelRead
INFO: Detected non-HTTP/2 connection.
Jan 23, 2023 2:10:51 AM io.gapi.emulators.netty.NotFoundHandler handleRequest
INFO: Unknown request URI: /ws/discovery
Jan 23, 2023 2:10:53 AM io.gapi.emulators.netty.HttpVersionRoutingHandler channelRead
INFO: Detected non-HTTP/2 connection.
Jan 23, 2023 2:10:53 AM io.gapi.emulators.netty.NotFoundHandler handleRequest
INFO: Unknown request URI: /ws/discovery
Jan 23, 2023 2:10:55 AM io.gapi.emulators.netty.HttpVersionRoutingHandler channelRead
INFO: Detected non-HTTP/2 connection.
Jan 23, 2023 2:10:55 AM io.gapi.emulators.netty.NotFoundHandler handleRequest
INFO: Unknown request URI: /ws/discovery
Jan 23, 2023 2:10:55 AM io.gapi.emulators.netty.HttpVersionRoutingHandler channelRead
INFO: Detected non-HTTP/2 connection.
Jan 23, 2023 2:10:55 AM com.google.cloud.datastore.emulator.firestore.webchannel.FirestoreV1WebChannelAdapter$FirestoreListenHandler onClose
INFO: channel closed
Jan 23, 2023 2:10:57 AM io.gapi.emulators.netty.HttpVersionRoutingHandler channelRead
INFO: Detected non-HTTP/2 connection.
Jan 23, 2023 2:10:57 AM io.gapi.emulators.netty.NotFoundHandler handleRequest
INFO: Unknown request URI: /ws/discovery
Jan 23, 2023 2:10:59 AM io.gapi.emulators.netty.HttpVersionRoutingHandler channelRead
INFO: Detected non-HTTP/2 connection.
Jan 23, 2023 2:10:59 AM io.gapi.emulators.netty.NotFoundHandler handleRequest
INFO: Unknown request URI: /ws/discovery
Jan 23, 2023 2:11:01 AM io.gapi.emulators.netty.HttpVersionRoutingHandler channelRead
INFO: Detected non-HTTP/2 connection.
Jan 23, 2023 2:11:01 AM io.gapi.emulators.netty.NotFoundHandler handleRequest
INFO: Unknown request URI: /ws/discovery
Jan 23, 2023 2:11:02 AM io.gapi.emulators.netty.HttpVersionRoutingHandler channelRead
INFO: Detected non-HTTP/2 connection.
Jan 23, 2023 2:11:02 AM io.gapi.emulators.netty.HttpVersionRoutingHandler channelRead
INFO: Detected non-HTTP/2 connection.
Jan 23, 2023 2:11:02 AM io.gapi.emulators.netty.HttpVersionRoutingHandler channelRead
INFO: Detected non-HTTP/2 connection.
Jan 23, 2023 2:11:03 AM io.gapi.emulators.netty.HttpVersionRoutingHandler channelRead
INFO: Detected non-HTTP/2 connection.
Jan 23, 2023 2:11:03 AM io.gapi.emulators.netty.NotFoundHandler handleRequest
INFO: Unknown request URI: /ws/discovery
Jan 23, 2023 2:11:05 AM io.gapi.emulators.netty.HttpVersionRoutingHandler channelRead
INFO: Detected non-HTTP/2 connection.
Jan 23, 2023 2:11:05 AM io.gapi.emulators.netty.NotFoundHandler handleRequest
INFO: Unknown request URI: /ws/discovery
Jan 23, 2023 2:11:07 AM io.gapi.emulators.netty.HttpVersionRoutingHandler channelRead
INFO: Detected non-HTTP/2 connection.
Jan 23, 2023 2:11:07 AM io.gapi.emulators.netty.NotFoundHandler handleRequest
INFO: Unknown request URI: /ws/discovery
Jan 23, 2023 2:11:09 AM io.gapi.emulators.netty.HttpVersionRoutingHandler channelRead
INFO: Detected non-HTTP/2 connection.
Jan 23, 2023 2:11:09 AM io.gapi.emulators.netty.NotFoundHandler handleRequest
INFO: Unknown request URI: /ws/discovery
Jan 23, 2023 2:11:11 AM io.gapi.emulators.netty.HttpVersionRoutingHandler channelRead
INFO: Detected non-HTTP/2 connection.
Jan 23, 2023 2:11:11 AM io.gapi.emulators.netty.NotFoundHandler handleRequest
INFO: Unknown request URI: /ws/discovery
Jan 23, 2023 2:11:13 AM io.gapi.emulators.netty.HttpVersionRoutingHandler channelRead
INFO: Detected non-HTTP/2 connection.
Jan 23, 2023 2:11:13 AM io.gapi.emulators.netty.NotFoundHandler handleRequest
INFO: Unknown request URI: /ws/discovery
Jan 23, 2023 2:11:15 AM io.gapi.emulators.netty.HttpVersionRoutingHandler channelRead
INFO: Detected non-HTTP/2 connection.
Jan 23, 2023 2:11:15 AM io.gapi.emulators.netty.NotFoundHandler handleRequest
INFO: Unknown request URI: /ws/discovery
Jan 23, 2023 2:11:17 AM io.gapi.emulators.netty.HttpVersionRoutingHandler channelRead
INFO: Detected non-HTTP/2 connection.
Jan 23, 2023 2:11:17 AM io.gapi.emulators.netty.NotFoundHandler handleRequest
INFO: Unknown request URI: /ws/discovery
Jan 23, 2023 2:11:19 AM io.gapi.emulators.netty.HttpVersionRoutingHandler channelRead
INFO: Detected non-HTTP/2 connection.
Jan 23, 2023 2:11:19 AM io.gapi.emulators.netty.NotFoundHandler handleRequest
INFO: Unknown request URI: /ws/discovery
Jan 23, 2023 2:11:21 AM io.gapi.emulators.netty.HttpVersionRoutingHandler channelRead
INFO: Detected non-HTTP/2 connection.
Jan 23, 2023 2:11:21 AM io.gapi.emulators.netty.NotFoundHandler handleRequest
INFO: Unknown request URI: /ws/discovery
Jan 23, 2023 2:11:23 AM io.gapi.emulators.netty.HttpVersionRoutingHandler channelRead
INFO: Detected non-HTTP/2 connection.
Jan 23, 2023 2:11:23 AM io.gapi.emulators.netty.NotFoundHandler handleRequest
INFO: Unknown request URI: /ws/discovery
Jan 23, 2023 2:11:25 AM io.gapi.emulators.netty.HttpVersionRoutingHandler channelRead
INFO: Detected non-HTTP/2 connection.
Jan 23, 2023 2:11:25 AM io.gapi.emulators.netty.NotFoundHandler handleRequest
INFO: Unknown request URI: /ws/discovery
Jan 23, 2023 2:11:27 AM io.gapi.emulators.netty.HttpVersionRoutingHandler channelRead
INFO: Detected non-HTTP/2 connection.
Jan 23, 2023 2:11:27 AM io.gapi.emulators.netty.NotFoundHandler handleRequest
INFO: Unknown request URI: /ws/discovery
Jan 23, 2023 2:11:29 AM io.gapi.emulators.netty.HttpVersionRoutingHandler channelRead
INFO: Detected non-HTTP/2 connection.
Jan 23, 2023 2:11:29 AM io.gapi.emulators.netty.NotFoundHandler handleRequest
INFO: Unknown request URI: /ws/discovery
Jan 23, 2023 2:11:31 AM io.gapi.emulators.netty.HttpVersionRoutingHandler channelRead
INFO: Detected non-HTTP/2 connection.
Jan 23, 2023 2:11:31 AM io.gapi.emulators.netty.NotFoundHandler handleRequest
INFO: Unknown request URI: /ws/discovery
Jan 23, 2023 2:11:33 AM io.gapi.emulators.netty.HttpVersionRoutingHandler channelRead
INFO: Detected non-HTTP/2 connection.
Jan 23, 2023 2:11:33 AM io.gapi.emulators.netty.NotFoundHandler handleRequest
INFO: Unknown request URI: /ws/discovery
Jan 23, 2023 2:11:35 AM io.gapi.emulators.netty.HttpVersionRoutingHandler channelRead
INFO: Detected non-HTTP/2 connection.
Jan 23, 2023 2:11:35 AM io.gapi.emulators.netty.NotFoundHandler handleRequest
INFO: Unknown request URI: /ws/discovery
Jan 23, 2023 2:11:37 AM io.gapi.emulators.netty.HttpVersionRoutingHandler channelRead
INFO: Detected non-HTTP/2 connection.
Jan 23, 2023 2:11:37 AM io.gapi.emulators.netty.NotFoundHandler handleRequest
INFO: Unknown request URI: /ws/discovery
Jan 23, 2023 2:11:39 AM io.gapi.emulators.netty.HttpVersionRoutingHandler channelRead
INFO: Detected non-HTTP/2 connection.
Jan 23, 2023 2:11:39 AM io.gapi.emulators.netty.NotFoundHandler handleRequest
INFO: Unknown request URI: /ws/discovery
Jan 23, 2023 2:11:41 AM io.gapi.emulators.netty.HttpVersionRoutingHandler channelRead
INFO: Detected non-HTTP/2 connection.
Jan 23, 2023 2:11:41 AM io.gapi.emulators.netty.NotFoundHandler handleRequest
INFO: Unknown request URI: /ws/discovery
Jan 23, 2023 2:11:43 AM io.gapi.emulators.netty.HttpVersionRoutingHandler channelRead
INFO: Detected non-HTTP/2 connection.
Jan 23, 2023 2:11:43 AM io.gapi.emulators.netty.NotFoundHandler handleRequest
INFO: Unknown request URI: /ws/discovery
Jan 23, 2023 2:11:45 AM io.gapi.emulators.netty.HttpVersionRoutingHandler channelRead
INFO: Detected non-HTTP/2 connection.
Jan 23, 2023 2:11:45 AM io.gapi.emulators.netty.NotFoundHandler handleRequest
INFO: Unknown request URI: /ws/discovery
Jan 23, 2023 2:11:47 AM io.gapi.emulators.netty.HttpVersionRoutingHandler channelRead
INFO: Detected non-HTTP/2 connection.
Jan 23, 2023 2:11:47 AM io.gapi.emulators.netty.NotFoundHandler handleRequest
INFO: Unknown request URI: /ws/discovery
Jan 23, 2023 2:11:49 AM io.gapi.emulators.netty.HttpVersionRoutingHandler channelRead
INFO: Detected non-HTTP/2 connection.
Jan 23, 2023 2:11:49 AM io.gapi.emulators.netty.NotFoundHandler handleRequest
INFO: Unknown request URI: /ws/discovery
Jan 23, 2023 2:11:51 AM io.gapi.emulators.netty.HttpVersionRoutingHandler channelRead
INFO: Detected non-HTTP/2 connection.
Jan 23, 2023 2:11:51 AM io.gapi.emulators.netty.NotFoundHandler handleRequest
INFO: Unknown request URI: /ws/discovery
Jan 23, 2023 2:11:53 AM io.gapi.emulators.netty.HttpVersionRoutingHandler channelRead
INFO: Detected non-HTTP/2 connection.
Jan 23, 2023 2:11:53 AM io.gapi.emulators.netty.NotFoundHandler handleRequest
INFO: Unknown request URI: /ws/discovery
Jan 23, 2023 2:11:55 AM io.gapi.emulators.netty.HttpVersionRoutingHandler channelRead
INFO: Detected non-HTTP/2 connection.
Jan 23, 2023 2:11:55 AM io.gapi.emulators.netty.NotFoundHandler handleRequest
INFO: Unknown request URI: /ws/discovery
Jan 23, 2023 2:11:56 AM io.gapi.emulators.netty.HttpVersionRoutingHandler channelRead
INFO: Detected HTTP/2 connection.
Jan 23, 2023 2:11:57 AM io.gapi.emulators.netty.HttpVersionRoutingHandler channelRead
INFO: Detected non-HTTP/2 connection.
Jan 23, 2023 2:11:57 AM io.gapi.emulators.netty.NotFoundHandler handleRequest
INFO: Unknown request URI: /ws/discovery
Jan 23, 2023 2:11:59 AM io.gapi.emulators.netty.HttpVersionRoutingHandler channelRead
INFO: Detected non-HTTP/2 connection.
Jan 23, 2023 2:11:59 AM io.gapi.emulators.netty.NotFoundHandler handleRequest
INFO: Unknown request URI: /ws/discovery
Jan 23, 2023 2:12:01 AM io.gapi.emulators.netty.HttpVersionRoutingHandler channelRead
INFO: Detected non-HTTP/2 connection.
Jan 23, 2023 2:12:01 AM io.gapi.emulators.netty.NotFoundHandler handleRequest
INFO: Unknown request URI: /ws/discovery
Jan 23, 2023 2:12:02 AM io.gapi.emulators.netty.HttpVersionRoutingHandler channelRead
INFO: Detected non-HTTP/2 connection.
Jan 23, 2023 2:12:03 AM io.gapi.emulators.netty.HttpVersionRoutingHandler channelRead
INFO: Detected non-HTTP/2 connection.
Jan 23, 2023 2:12:03 AM io.gapi.emulators.netty.NotFoundHandler handleRequest
INFO: Unknown request URI: /ws/discovery
Jan 23, 2023 2:12:05 AM io.gapi.emulators.netty.HttpVersionRoutingHandler channelRead
INFO: Detected non-HTTP/2 connection.
Jan 23, 2023 2:12:05 AM io.gapi.emulators.netty.NotFoundHandler handleRequest
INFO: Unknown request URI: /ws/discovery
Jan 23, 2023 2:12:07 AM io.gapi.emulators.netty.HttpVersionRoutingHandler channelRead
INFO: Detected non-HTTP/2 connection.
Jan 23, 2023 2:12:07 AM io.gapi.emulators.netty.NotFoundHandler handleRequest
INFO: Unknown request URI: /ws/discovery
Jan 23, 2023 2:12:09 AM io.gapi.emulators.netty.HttpVersionRoutingHandler channelRead
INFO: Detected non-HTTP/2 connection.
Jan 23, 2023 2:12:09 AM io.gapi.emulators.netty.NotFoundHandler handleRequest
INFO: Unknown request URI: /ws/discovery
Jan 23, 2023 2:12:11 AM io.gapi.emulators.netty.HttpVersionRoutingHandler channelRead
INFO: Detected non-HTTP/2 connection.
Jan 23, 2023 2:12:11 AM io.gapi.emulators.netty.NotFoundHandler handleRequest
INFO: Unknown request URI: /ws/discovery
Jan 23, 2023 2:12:13 AM io.gapi.emulators.netty.HttpVersionRoutingHandler channelRead
INFO: Detected non-HTTP/2 connection.
Jan 23, 2023 2:12:13 AM io.gapi.emulators.netty.NotFoundHandler handleRequest
INFO: Unknown request URI: /ws/discovery
Jan 23, 2023 2:12:15 AM io.gapi.emulators.netty.HttpVersionRoutingHandler channelRead
INFO: Detected non-HTTP/2 connection.
Jan 23, 2023 2:12:15 AM io.gapi.emulators.netty.NotFoundHandler handleRequest
INFO: Unknown request URI: /ws/discovery
Jan 23, 2023 2:12:17 AM io.gapi.emulators.netty.HttpVersionRoutingHandler channelRead
INFO: Detected non-HTTP/2 connection.
Jan 23, 2023 2:12:17 AM io.gapi.emulators.netty.NotFoundHandler handleRequest
INFO: Unknown request URI: /ws/discovery
Jan 23, 2023 2:12:19 AM io.gapi.emulators.netty.HttpVersionRoutingHandler channelRead
INFO: Detected non-HTTP/2 connection.
Jan 23, 2023 2:12:19 AM io.gapi.emulators.netty.NotFoundHandler handleRequest
INFO: Unknown request URI: /ws/discovery
Jan 23, 2023 2:12:21 AM io.gapi.emulators.netty.HttpVersionRoutingHandler channelRead
INFO: Detected non-HTTP/2 connection.
Jan 23, 2023 2:12:21 AM io.gapi.emulators.netty.NotFoundHandler handleRequest
INFO: Unknown request URI: /ws/discovery
Jan 23, 2023 2:12:23 AM io.gapi.emulators.netty.HttpVersionRoutingHandler channelRead
INFO: Detected non-HTTP/2 connection.
Jan 23, 2023 2:12:23 AM io.gapi.emulators.netty.NotFoundHandler handleRequest
INFO: Unknown request URI: /ws/discovery
Jan 23, 2023 2:12:25 AM io.gapi.emulators.netty.HttpVersionRoutingHandler channelRead
INFO: Detected non-HTTP/2 connection.
Jan 23, 2023 2:12:25 AM io.gapi.emulators.netty.NotFoundHandler handleRequest
INFO: Unknown request URI: /ws/discovery
Jan 23, 2023 2:12:27 AM io.gapi.emulators.netty.HttpVersionRoutingHandler channelRead
INFO: Detected non-HTTP/2 connection.
Jan 23, 2023 2:12:27 AM io.gapi.emulators.netty.NotFoundHandler handleRequest
INFO: Unknown request URI: /ws/discovery
Jan 23, 2023 2:12:29 AM io.gapi.emulators.netty.HttpVersionRoutingHandler channelRead
INFO: Detected non-HTTP/2 connection.
Jan 23, 2023 2:12:29 AM io.gapi.emulators.netty.NotFoundHandler handleRequest
INFO: Unknown request URI: /ws/discovery
Jan 23, 2023 2:12:31 AM io.gapi.emulators.netty.HttpVersionRoutingHandler channelRead
INFO: Detected non-HTTP/2 connection.
Jan 23, 2023 2:12:31 AM io.gapi.emulators.netty.NotFoundHandler handleRequest
INFO: Unknown request URI: /ws/discovery
Jan 23, 2023 2:12:33 AM io.gapi.emulators.netty.HttpVersionRoutingHandler channelRead
INFO: Detected non-HTTP/2 connection.
Jan 23, 2023 2:12:33 AM io.gapi.emulators.netty.NotFoundHandler handleRequest
INFO: Unknown request URI: /ws/discovery
Jan 23, 2023 2:12:35 AM io.gapi.emulators.netty.HttpVersionRoutingHandler channelRead
INFO: Detected non-HTTP/2 connection.
Jan 23, 2023 2:12:35 AM io.gapi.emulators.netty.NotFoundHandler handleRequest
INFO: Unknown request URI: /ws/discovery
Jan 23, 2023 2:12:37 AM io.gapi.emulators.netty.HttpVersionRoutingHandler channelRead
INFO: Detected non-HTTP/2 connection.
Jan 23, 2023 2:12:37 AM io.gapi.emulators.netty.NotFoundHandler handleRequest
INFO: Unknown request URI: /ws/discovery
Jan 23, 2023 2:12:39 AM io.gapi.emulators.netty.HttpVersionRoutingHandler channelRead
INFO: Detected non-HTTP/2 connection.
Jan 23, 2023 2:12:39 AM io.gapi.emulators.netty.NotFoundHandler handleRequest
INFO: Unknown request URI: /ws/discovery
Jan 23, 2023 2:12:41 AM io.gapi.emulators.netty.HttpVersionRoutingHandler channelRead
INFO: Detected non-HTTP/2 connection.
Jan 23, 2023 2:12:41 AM io.gapi.emulators.netty.NotFoundHandler handleRequest
INFO: Unknown request URI: /ws/discovery
Jan 23, 2023 2:12:43 AM io.gapi.emulators.netty.HttpVersionRoutingHandler channelRead
INFO: Detected non-HTTP/2 connection.
Jan 23, 2023 2:12:43 AM io.gapi.emulators.netty.NotFoundHandler handleRequest
INFO: Unknown request URI: /ws/discovery
Jan 23, 2023 2:12:45 AM io.gapi.emulators.netty.HttpVersionRoutingHandler channelRead
INFO: Detected non-HTTP/2 connection.
Jan 23, 2023 2:12:45 AM io.gapi.emulators.netty.NotFoundHandler handleRequest
INFO: Unknown request URI: /ws/discovery
Jan 23, 2023 2:12:47 AM io.gapi.emulators.netty.HttpVersionRoutingHandler channelRead
INFO: Detected non-HTTP/2 connection.
Jan 23, 2023 2:12:47 AM io.gapi.emulators.netty.NotFoundHandler handleRequest
INFO: Unknown request URI: /ws/discovery
Jan 23, 2023 2:12:49 AM io.gapi.emulators.netty.HttpVersionRoutingHandler channelRead
INFO: Detected non-HTTP/2 connection.
Jan 23, 2023 2:12:49 AM io.gapi.emulators.netty.NotFoundHandler handleRequest
INFO: Unknown request URI: /ws/discovery
Jan 23, 2023 2:12:51 AM io.gapi.emulators.netty.HttpVersionRoutingHandler channelRead
INFO: Detected non-HTTP/2 connection.
Jan 23, 2023 2:12:51 AM io.gapi.emulators.netty.NotFoundHandler handleRequest
INFO: Unknown request URI: /ws/discovery
Jan 23, 2023 2:12:53 AM io.gapi.emulators.netty.HttpVersionRoutingHandler channelRead
INFO: Detected non-HTTP/2 connection.
Jan 23, 2023 2:12:53 AM io.gapi.emulators.netty.NotFoundHandler handleRequest
INFO: Unknown request URI: /ws/discovery
Jan 23, 2023 2:12:55 AM io.gapi.emulators.netty.HttpVersionRoutingHandler channelRead
INFO: Detected non-HTTP/2 connection.
Jan 23, 2023 2:12:55 AM io.gapi.emulators.netty.NotFoundHandler handleRequest
INFO: Unknown request URI: /ws/discovery
Jan 23, 2023 2:12:57 AM io.gapi.emulators.netty.HttpVersionRoutingHandler channelRead
INFO: Detected non-HTTP/2 connection.
Jan 23, 2023 2:12:57 AM io.gapi.emulators.netty.NotFoundHandler handleRequest
INFO: Unknown request URI: /ws/discovery
Jan 23, 2023 2:12:59 AM io.gapi.emulators.netty.HttpVersionRoutingHandler channelRead
INFO: Detected non-HTTP/2 connection.
Jan 23, 2023 2:12:59 AM io.gapi.emulators.netty.NotFoundHandler handleRequest
INFO: Unknown request URI: /ws/discovery
Jan 23, 2023 2:13:01 AM io.gapi.emulators.netty.HttpVersionRoutingHandler channelRead
INFO: Detected non-HTTP/2 connection.
Jan 23, 2023 2:13:01 AM io.gapi.emulators.netty.NotFoundHandler handleRequest
INFO: Unknown request URI: /ws/discovery
Jan 23, 2023 2:13:03 AM io.gapi.emulators.netty.HttpVersionRoutingHandler channelRead
INFO: Detected non-HTTP/2 connection.
Jan 23, 2023 2:13:03 AM io.gapi.emulators.netty.NotFoundHandler handleRequest
INFO: Unknown request URI: /ws/discovery
Jan 23, 2023 2:13:06 AM io.gapi.emulators.netty.HttpVersionRoutingHandler channelRead
INFO: Detected non-HTTP/2 connection.
Jan 23, 2023 2:13:06 AM io.gapi.emulators.netty.NotFoundHandler handleRequest
INFO: Unknown request URI: /ws/discovery
Jan 23, 2023 2:13:08 AM io.gapi.emulators.netty.HttpVersionRoutingHandler channelRead
INFO: Detected non-HTTP/2 connection.
Jan 23, 2023 2:13:08 AM io.gapi.emulators.netty.NotFoundHandler handleRequest
INFO: Unknown request URI: /ws/discovery
Jan 23, 2023 2:13:10 AM io.gapi.emulators.netty.HttpVersionRoutingHandler channelRead
INFO: Detected non-HTTP/2 connection.
Jan 23, 2023 2:13:10 AM io.gapi.emulators.netty.NotFoundHandler handleRequest
INFO: Unknown request URI: /ws/discovery
Jan 23, 2023 2:13:12 AM io.gapi.emulators.netty.HttpVersionRoutingHandler channelRead
INFO: Detected non-HTTP/2 connection.
Jan 23, 2023 2:13:12 AM io.gapi.emulators.netty.NotFoundHandler handleRequest
INFO: Unknown request URI: /ws/discovery
Jan 23, 2023 2:13:14 AM io.gapi.emulators.netty.HttpVersionRoutingHandler channelRead
INFO: Detected non-HTTP/2 connection.
Jan 23, 2023 2:13:14 AM io.gapi.emulators.netty.NotFoundHandler handleRequest
INFO: Unknown request URI: /ws/discovery
Jan 23, 2023 2:13:16 AM io.gapi.emulators.netty.HttpVersionRoutingHandler channelRead
INFO: Detected non-HTTP/2 connection.
Jan 23, 2023 2:13:16 AM io.gapi.emulators.netty.NotFoundHandler handleRequest
INFO: Unknown request URI: /ws/discovery
Jan 23, 2023 2:13:17 AM io.gapi.emulators.netty.HttpVersionRoutingHandler channelRead
INFO: Detected non-HTTP/2 connection.
Jan 23, 2023 2:13:18 AM io.gapi.emulators.netty.HttpVersionRoutingHandler channelRead
INFO: Detected non-HTTP/2 connection.
Jan 23, 2023 2:13:18 AM io.gapi.emulators.netty.NotFoundHandler handleRequest
INFO: Unknown request URI: /ws/discovery
Jan 23, 2023 2:13:20 AM io.gapi.emulators.netty.HttpVersionRoutingHandler channelRead
INFO: Detected non-HTTP/2 connection.
Jan 23, 2023 2:13:20 AM io.gapi.emulators.netty.NotFoundHandler handleRequest
INFO: Unknown request URI: /ws/discovery
Jan 23, 2023 2:13:22 AM io.gapi.emulators.netty.HttpVersionRoutingHandler channelRead
INFO: Detected non-HTTP/2 connection.
Jan 23, 2023 2:13:22 AM io.gapi.emulators.netty.NotFoundHandler handleRequest
INFO: Unknown request URI: /ws/discovery
Jan 23, 2023 2:13:24 AM io.gapi.emulators.netty.HttpVersionRoutingHandler channelRead
INFO: Detected non-HTTP/2 connection.
Jan 23, 2023 2:13:24 AM io.gapi.emulators.netty.NotFoundHandler handleRequest
INFO: Unknown request URI: /ws/discovery
Jan 23, 2023 2:13:26 AM io.gapi.emulators.netty.HttpVersionRoutingHandler channelRead
INFO: Detected non-HTTP/2 connection.
Jan 23, 2023 2:13:26 AM io.gapi.emulators.netty.NotFoundHandler handleRequest
INFO: Unknown request URI: /ws/discovery
Jan 23, 2023 2:13:28 AM io.gapi.emulators.netty.HttpVersionRoutingHandler channelRead
INFO: Detected non-HTTP/2 connection.
Jan 23, 2023 2:13:28 AM io.gapi.emulators.netty.NotFoundHandler handleRequest
INFO: Unknown request URI: /ws/discovery
Jan 23, 2023 2:13:30 AM io.gapi.emulators.netty.HttpVersionRoutingHandler channelRead
INFO: Detected non-HTTP/2 connection.
Jan 23, 2023 2:13:30 AM io.gapi.emulators.netty.NotFoundHandler handleRequest
INFO: Unknown request URI: /ws/discovery
Jan 23, 2023 2:13:32 AM io.gapi.emulators.netty.HttpVersionRoutingHandler channelRead
INFO: Detected non-HTTP/2 connection.
Jan 23, 2023 2:13:32 AM io.gapi.emulators.netty.NotFoundHandler handleRequest
INFO: Unknown request URI: /ws/discovery
Jan 23, 2023 2:13:34 AM io.gapi.emulators.netty.HttpVersionRoutingHandler channelRead
INFO: Detected non-HTTP/2 connection.
Jan 23, 2023 2:13:34 AM io.gapi.emulators.netty.NotFoundHandler handleRequest
INFO: Unknown request URI: /ws/discovery
Jan 23, 2023 2:13:36 AM io.gapi.emulators.netty.HttpVersionRoutingHandler channelRead
INFO: Detected non-HTTP/2 connection.
Jan 23, 2023 2:13:36 AM io.gapi.emulators.netty.NotFoundHandler handleRequest
INFO: Unknown request URI: /ws/discovery
Jan 23, 2023 2:13:38 AM io.gapi.emulators.netty.HttpVersionRoutingHandler channelRead
INFO: Detected non-HTTP/2 connection.
Jan 23, 2023 2:13:38 AM io.gapi.emulators.netty.NotFoundHandler handleRequest
INFO: Unknown request URI: /ws/discovery
Jan 23, 2023 2:13:40 AM io.gapi.emulators.netty.HttpVersionRoutingHandler channelRead
INFO: Detected non-HTTP/2 connection.
Jan 23, 2023 2:13:40 AM io.gapi.emulators.netty.NotFoundHandler handleRequest
INFO: Unknown request URI: /ws/discovery
Jan 23, 2023 2:13:42 AM io.gapi.emulators.netty.HttpVersionRoutingHandler channelRead
INFO: Detected non-HTTP/2 connection.
Jan 23, 2023 2:13:42 AM io.gapi.emulators.netty.NotFoundHandler handleRequest
INFO: Unknown request URI: /ws/discovery
Jan 23, 2023 2:13:44 AM io.gapi.emulators.netty.HttpVersionRoutingHandler channelRead
INFO: Detected non-HTTP/2 connection.
Jan 23, 2023 2:13:44 AM io.gapi.emulators.netty.NotFoundHandler handleRequest
INFO: Unknown request URI: /ws/discovery
Jan 23, 2023 2:13:46 AM io.gapi.emulators.netty.HttpVersionRoutingHandler channelRead
INFO: Detected non-HTTP/2 connection.
Jan 23, 2023 2:13:46 AM io.gapi.emulators.netty.NotFoundHandler handleRequest
INFO: Unknown request URI: /ws/discovery
Jan 23, 2023 2:13:48 AM io.gapi.emulators.netty.HttpVersionRoutingHandler channelRead
INFO: Detected non-HTTP/2 connection.
Jan 23, 2023 2:13:48 AM io.gapi.emulators.netty.NotFoundHandler handleRequest
INFO: Unknown request URI: /ws/discovery
Jan 23, 2023 2:13:50 AM io.gapi.emulators.netty.HttpVersionRoutingHandler channelRead
INFO: Detected non-HTTP/2 connection.
Jan 23, 2023 2:13:50 AM io.gapi.emulators.netty.NotFoundHandler handleRequest
INFO: Unknown request URI: /ws/discovery
Jan 23, 2023 2:13:52 AM io.gapi.emulators.netty.HttpVersionRoutingHandler channelRead
INFO: Detected non-HTTP/2 connection.
Jan 23, 2023 2:13:52 AM io.gapi.emulators.netty.NotFoundHandler handleRequest
INFO: Unknown request URI: /ws/discovery
Jan 23, 2023 2:13:54 AM io.gapi.emulators.netty.HttpVersionRoutingHandler channelRead
INFO: Detected non-HTTP/2 connection.
Jan 23, 2023 2:13:54 AM io.gapi.emulators.netty.NotFoundHandler handleRequest
INFO: Unknown request URI: /ws/discovery
Jan 23, 2023 2:13:56 AM io.gapi.emulators.netty.HttpVersionRoutingHandler channelRead
INFO: Detected non-HTTP/2 connection.
Jan 23, 2023 2:13:56 AM io.gapi.emulators.netty.NotFoundHandler handleRequest
INFO: Unknown request URI: /ws/discovery
Jan 23, 2023 2:13:58 AM io.gapi.emulators.netty.HttpVersionRoutingHandler channelRead
INFO: Detected non-HTTP/2 connection.
Jan 23, 2023 2:13:58 AM io.gapi.emulators.netty.NotFoundHandler handleRequest
INFO: Unknown request URI: /ws/discovery
Jan 23, 2023 2:14:00 AM io.gapi.emulators.netty.HttpVersionRoutingHandler channelRead
INFO: Detected non-HTTP/2 connection.
Jan 23, 2023 2:14:00 AM io.gapi.emulators.netty.NotFoundHandler handleRequest
INFO: Unknown request URI: /ws/discovery
Jan 23, 2023 2:14:02 AM io.gapi.emulators.netty.HttpVersionRoutingHandler channelRead
INFO: Detected non-HTTP/2 connection.
Jan 23, 2023 2:14:02 AM io.gapi.emulators.netty.NotFoundHandler handleRequest
INFO: Unknown request URI: /ws/discovery
Jan 23, 2023 2:14:04 AM io.gapi.emulators.netty.HttpVersionRoutingHandler channelRead
INFO: Detected non-HTTP/2 connection.
Jan 23, 2023 2:14:04 AM io.gapi.emulators.netty.NotFoundHandler handleRequest
INFO: Unknown request URI: /ws/discovery
Jan 23, 2023 2:14:06 AM io.gapi.emulators.netty.HttpVersionRoutingHandler channelRead
INFO: Detected non-HTTP/2 connection.
Jan 23, 2023 2:14:06 AM io.gapi.emulators.netty.NotFoundHandler handleRequest
INFO: Unknown request URI: /ws/discovery
Jan 23, 2023 2:14:08 AM io.gapi.emulators.netty.HttpVersionRoutingHandler channelRead
INFO: Detected non-HTTP/2 connection.
Jan 23, 2023 2:14:08 AM io.gapi.emulators.netty.NotFoundHandler handleRequest
INFO: Unknown request URI: /ws/discovery
Jan 23, 2023 2:14:10 AM io.gapi.emulators.netty.HttpVersionRoutingHandler channelRead
INFO: Detected non-HTTP/2 connection.
Jan 23, 2023 2:14:10 AM io.gapi.emulators.netty.NotFoundHandler handleRequest
INFO: Unknown request URI: /ws/discovery
Jan 23, 2023 2:14:12 AM io.gapi.emulators.netty.HttpVersionRoutingHandler channelRead
INFO: Detected non-HTTP/2 connection.
Jan 23, 2023 2:14:12 AM io.gapi.emulators.netty.NotFoundHandler handleRequest
INFO: Unknown request URI: /ws/discovery
Jan 23, 2023 2:14:14 AM io.gapi.emulators.netty.HttpVersionRoutingHandler channelRead
INFO: Detected non-HTTP/2 connection.
Jan 23, 2023 2:14:14 AM io.gapi.emulators.netty.NotFoundHandler handleRequest
INFO: Unknown request URI: /ws/discovery
Jan 23, 2023 2:14:16 AM io.gapi.emulators.netty.HttpVersionRoutingHandler channelRead
INFO: Detected non-HTTP/2 connection.
Jan 23, 2023 2:14:16 AM io.gapi.emulators.netty.NotFoundHandler handleRequest
INFO: Unknown request URI: /ws/discovery
Jan 23, 2023 2:14:17 AM io.gapi.emulators.netty.HttpVersionRoutingHandler channelRead
INFO: Detected non-HTTP/2 connection.
Jan 23, 2023 2:14:18 AM io.gapi.emulators.netty.HttpVersionRoutingHandler channelRead
INFO: Detected non-HTTP/2 connection.
Jan 23, 2023 2:14:18 AM io.gapi.emulators.netty.NotFoundHandler handleRequest
INFO: Unknown request URI: /ws/discovery
Jan 23, 2023 2:14:20 AM io.gapi.emulators.netty.HttpVersionRoutingHandler channelRead
INFO: Detected non-HTTP/2 connection.
Jan 23, 2023 2:14:20 AM io.gapi.emulators.netty.NotFoundHandler handleRequest
INFO: Unknown request URI: /ws/discovery
Jan 23, 2023 2:14:22 AM io.gapi.emulators.netty.HttpVersionRoutingHandler channelRead
INFO: Detected non-HTTP/2 connection.
Jan 23, 2023 2:14:22 AM io.gapi.emulators.netty.NotFoundHandler handleRequest
INFO: Unknown request URI: /ws/discovery
Jan 23, 2023 2:14:24 AM io.gapi.emulators.netty.HttpVersionRoutingHandler channelRead
INFO: Detected non-HTTP/2 connection.
Jan 23, 2023 2:14:24 AM io.gapi.emulators.netty.NotFoundHandler handleRequest
INFO: Unknown request URI: /ws/discovery
Jan 23, 2023 2:14:26 AM io.gapi.emulators.netty.HttpVersionRoutingHandler channelRead
INFO: Detected non-HTTP/2 connection.
Jan 23, 2023 2:14:26 AM io.gapi.emulators.netty.NotFoundHandler handleRequest
INFO: Unknown request URI: /ws/discovery
Jan 23, 2023 2:14:28 AM io.gapi.emulators.netty.HttpVersionRoutingHandler channelRead
INFO: Detected non-HTTP/2 connection.
Jan 23, 2023 2:14:28 AM io.gapi.emulators.netty.NotFoundHandler handleRequest
INFO: Unknown request URI: /ws/discovery
Jan 23, 2023 2:14:30 AM io.gapi.emulators.netty.HttpVersionRoutingHandler channelRead
INFO: Detected non-HTTP/2 connection.
Jan 23, 2023 2:14:30 AM io.gapi.emulators.netty.NotFoundHandler handleRequest
INFO: Unknown request URI: /ws/discovery
Jan 23, 2023 2:14:32 AM io.gapi.emulators.netty.HttpVersionRoutingHandler channelRead
INFO: Detected non-HTTP/2 connection.
Jan 23, 2023 2:14:32 AM io.gapi.emulators.netty.NotFoundHandler handleRequest
INFO: Unknown request URI: /ws/discovery
Jan 23, 2023 2:14:34 AM io.gapi.emulators.netty.HttpVersionRoutingHandler channelRead
INFO: Detected non-HTTP/2 connection.
Jan 23, 2023 2:14:34 AM io.gapi.emulators.netty.NotFoundHandler handleRequest
INFO: Unknown request URI: /ws/discovery
Jan 23, 2023 2:14:36 AM io.gapi.emulators.netty.HttpVersionRoutingHandler channelRead
INFO: Detected non-HTTP/2 connection.
Jan 23, 2023 2:14:36 AM io.gapi.emulators.netty.NotFoundHandler handleRequest
INFO: Unknown request URI: /ws/discovery
Jan 23, 2023 2:14:38 AM io.gapi.emulators.netty.HttpVersionRoutingHandler channelRead
INFO: Detected non-HTTP/2 connection.
Jan 23, 2023 2:14:38 AM io.gapi.emulators.netty.NotFoundHandler handleRequest
INFO: Unknown request URI: /ws/discovery
Jan 23, 2023 2:14:40 AM io.gapi.emulators.netty.HttpVersionRoutingHandler channelRead
INFO: Detected non-HTTP/2 connection.
Jan 23, 2023 2:14:40 AM io.gapi.emulators.netty.NotFoundHandler handleRequest
INFO: Unknown request URI: /ws/discovery
Jan 23, 2023 2:14:42 AM io.gapi.emulators.netty.HttpVersionRoutingHandler channelRead
INFO: Detected non-HTTP/2 connection.
Jan 23, 2023 2:14:42 AM io.gapi.emulators.netty.NotFoundHandler handleRequest
INFO: Unknown request URI: /ws/discovery
Jan 23, 2023 2:14:44 AM io.gapi.emulators.netty.HttpVersionRoutingHandler channelRead
INFO: Detected non-HTTP/2 connection.
Jan 23, 2023 2:14:44 AM io.gapi.emulators.netty.NotFoundHandler handleRequest
INFO: Unknown request URI: /ws/discovery
Jan 23, 2023 2:14:46 AM io.gapi.emulators.netty.HttpVersionRoutingHandler channelRead
INFO: Detected non-HTTP/2 connection.
Jan 23, 2023 2:14:46 AM io.gapi.emulators.netty.NotFoundHandler handleRequest
INFO: Unknown request URI: /ws/discovery
Jan 23, 2023 2:14:48 AM io.gapi.emulators.netty.HttpVersionRoutingHandler channelRead
INFO: Detected non-HTTP/2 connection.
Jan 23, 2023 2:14:48 AM io.gapi.emulators.netty.NotFoundHandler handleRequest
INFO: Unknown request URI: /ws/discovery
Jan 23, 2023 2:14:50 AM io.gapi.emulators.netty.HttpVersionRoutingHandler channelRead
INFO: Detected non-HTTP/2 connection.
Jan 23, 2023 2:14:50 AM io.gapi.emulators.netty.NotFoundHandler handleRequest
INFO: Unknown request URI: /ws/discovery
Jan 23, 2023 2:14:52 AM io.gapi.emulators.netty.HttpVersionRoutingHandler channelRead
INFO: Detected non-HTTP/2 connection.
Jan 23, 2023 2:14:52 AM io.gapi.emulators.netty.NotFoundHandler handleRequest
INFO: Unknown request URI: /ws/discovery
Jan 23, 2023 2:14:54 AM io.gapi.emulators.netty.HttpVersionRoutingHandler channelRead
INFO: Detected non-HTTP/2 connection.
Jan 23, 2023 2:14:54 AM io.gapi.emulators.netty.NotFoundHandler handleRequest
INFO: Unknown request URI: /ws/discovery
Jan 23, 2023 2:14:56 AM io.gapi.emulators.netty.HttpVersionRoutingHandler channelRead
INFO: Detected non-HTTP/2 connection.
Jan 23, 2023 2:14:56 AM io.gapi.emulators.netty.NotFoundHandler handleRequest
INFO: Unknown request URI: /ws/discovery
Jan 23, 2023 2:14:58 AM io.gapi.emulators.netty.HttpVersionRoutingHandler channelRead
INFO: Detected non-HTTP/2 connection.
Jan 23, 2023 2:14:58 AM io.gapi.emulators.netty.NotFoundHandler handleRequest
INFO: Unknown request URI: /ws/discovery
Jan 23, 2023 2:15:00 AM io.gapi.emulators.netty.HttpVersionRoutingHandler channelRead
INFO: Detected non-HTTP/2 connection.
Jan 23, 2023 2:15:00 AM io.gapi.emulators.netty.NotFoundHandler handleRequest
INFO: Unknown request URI: /ws/discovery
Jan 23, 2023 2:15:02 AM io.gapi.emulators.netty.HttpVersionRoutingHandler channelRead
INFO: Detected non-HTTP/2 connection.
Jan 23, 2023 2:15:02 AM io.gapi.emulators.netty.NotFoundHandler handleRequest
INFO: Unknown request URI: /ws/discovery
Jan 23, 2023 2:15:04 AM io.gapi.emulators.netty.HttpVersionRoutingHandler channelRead
INFO: Detected non-HTTP/2 connection.
Jan 23, 2023 2:15:04 AM io.gapi.emulators.netty.NotFoundHandler handleRequest
INFO: Unknown request URI: /ws/discovery
Jan 23, 2023 2:15:06 AM io.gapi.emulators.netty.HttpVersionRoutingHandler channelRead
INFO: Detected non-HTTP/2 connection.
Jan 23, 2023 2:15:06 AM io.gapi.emulators.netty.NotFoundHandler handleRequest
INFO: Unknown request URI: /ws/discovery
Jan 23, 2023 2:15:08 AM io.gapi.emulators.netty.HttpVersionRoutingHandler channelRead
INFO: Detected non-HTTP/2 connection.
Jan 23, 2023 2:15:08 AM io.gapi.emulators.netty.NotFoundHandler handleRequest
INFO: Unknown request URI: /ws/discovery
Jan 23, 2023 2:15:10 AM io.gapi.emulators.netty.HttpVersionRoutingHandler channelRead
INFO: Detected non-HTTP/2 connection.
Jan 23, 2023 2:15:10 AM io.gapi.emulators.netty.NotFoundHandler handleRequest
INFO: Unknown request URI: /ws/discovery
Jan 23, 2023 2:15:12 AM io.gapi.emulators.netty.HttpVersionRoutingHandler channelRead
INFO: Detected non-HTTP/2 connection.
Jan 23, 2023 2:15:12 AM io.gapi.emulators.netty.NotFoundHandler handleRequest
INFO: Unknown request URI: /ws/discovery
Jan 23, 2023 2:15:14 AM io.gapi.emulators.netty.HttpVersionRoutingHandler channelRead
INFO: Detected non-HTTP/2 connection.
Jan 23, 2023 2:15:14 AM io.gapi.emulators.netty.NotFoundHandler handleRequest
INFO: Unknown request URI: /ws/discovery
Jan 23, 2023 2:15:16 AM io.gapi.emulators.netty.HttpVersionRoutingHandler channelRead
INFO: Detected non-HTTP/2 connection.
Jan 23, 2023 2:15:16 AM io.gapi.emulators.netty.NotFoundHandler handleRequest
INFO: Unknown request URI: /ws/discovery
Jan 23, 2023 2:15:18 AM io.gapi.emulators.netty.HttpVersionRoutingHandler channelRead
INFO: Detected non-HTTP/2 connection.
Jan 23, 2023 2:15:18 AM io.gapi.emulators.netty.HttpVersionRoutingHandler channelRead
INFO: Detected non-HTTP/2 connection.
Jan 23, 2023 2:15:18 AM io.gapi.emulators.netty.NotFoundHandler handleRequest
INFO: Unknown request URI: /ws/discovery
Jan 23, 2023 2:15:20 AM io.gapi.emulators.netty.HttpVersionRoutingHandler channelRead
INFO: Detected non-HTTP/2 connection.
Jan 23, 2023 2:15:20 AM io.gapi.emulators.netty.NotFoundHandler handleRequest
INFO: Unknown request URI: /ws/discovery
Jan 23, 2023 2:15:22 AM io.gapi.emulators.netty.HttpVersionRoutingHandler channelRead
INFO: Detected non-HTTP/2 connection.
Jan 23, 2023 2:15:22 AM io.gapi.emulators.netty.NotFoundHandler handleRequest
INFO: Unknown request URI: /ws/discovery
Jan 23, 2023 2:15:24 AM io.gapi.emulators.netty.HttpVersionRoutingHandler channelRead
INFO: Detected non-HTTP/2 connection.
Jan 23, 2023 2:15:24 AM io.gapi.emulators.netty.NotFoundHandler handleRequest
INFO: Unknown request URI: /ws/discovery
Jan 23, 2023 2:15:26 AM io.gapi.emulators.netty.HttpVersionRoutingHandler channelRead
INFO: Detected non-HTTP/2 connection.
Jan 23, 2023 2:15:26 AM io.gapi.emulators.netty.NotFoundHandler handleRequest
INFO: Unknown request URI: /ws/discovery
Jan 23, 2023 2:15:28 AM io.gapi.emulators.netty.HttpVersionRoutingHandler channelRead
INFO: Detected non-HTTP/2 connection.
Jan 23, 2023 2:15:28 AM io.gapi.emulators.netty.NotFoundHandler handleRequest
INFO: Unknown request URI: /ws/discovery
Jan 23, 2023 2:15:30 AM io.gapi.emulators.netty.HttpVersionRoutingHandler channelRead
INFO: Detected non-HTTP/2 connection.
Jan 23, 2023 2:15:30 AM io.gapi.emulators.netty.NotFoundHandler handleRequest
INFO: Unknown request URI: /ws/discovery
Jan 23, 2023 2:15:32 AM io.gapi.emulators.netty.HttpVersionRoutingHandler channelRead
INFO: Detected non-HTTP/2 connection.
Jan 23, 2023 2:15:32 AM io.gapi.emulators.netty.NotFoundHandler handleRequest
INFO: Unknown request URI: /ws/discovery
Jan 23, 2023 2:15:34 AM io.gapi.emulators.netty.HttpVersionRoutingHandler channelRead
INFO: Detected non-HTTP/2 connection.
Jan 23, 2023 2:15:34 AM io.gapi.emulators.netty.NotFoundHandler handleRequest
INFO: Unknown request URI: /ws/discovery
Jan 23, 2023 2:15:36 AM io.gapi.emulators.netty.HttpVersionRoutingHandler channelRead
INFO: Detected non-HTTP/2 connection.
Jan 23, 2023 2:15:36 AM io.gapi.emulators.netty.NotFoundHandler handleRequest
INFO: Unknown request URI: /ws/discovery
Jan 23, 2023 2:15:38 AM io.gapi.emulators.netty.HttpVersionRoutingHandler channelRead
INFO: Detected non-HTTP/2 connection.
Jan 23, 2023 2:15:38 AM io.gapi.emulators.netty.NotFoundHandler handleRequest
INFO: Unknown request URI: /ws/discovery
Jan 23, 2023 2:15:40 AM io.gapi.emulators.netty.HttpVersionRoutingHandler channelRead
INFO: Detected non-HTTP/2 connection.
Jan 23, 2023 2:15:40 AM io.gapi.emulators.netty.NotFoundHandler handleRequest
INFO: Unknown request URI: /ws/discovery
Jan 23, 2023 2:15:42 AM io.gapi.emulators.netty.HttpVersionRoutingHandler channelRead
INFO: Detected non-HTTP/2 connection.
Jan 23, 2023 2:15:42 AM io.gapi.emulators.netty.NotFoundHandler handleRequest
INFO: Unknown request URI: /ws/discovery
Jan 23, 2023 2:15:44 AM io.gapi.emulators.netty.HttpVersionRoutingHandler channelRead
INFO: Detected non-HTTP/2 connection.
Jan 23, 2023 2:15:44 AM io.gapi.emulators.netty.NotFoundHandler handleRequest
INFO: Unknown request URI: /ws/discovery
Jan 23, 2023 2:15:47 AM io.gapi.emulators.netty.HttpVersionRoutingHandler channelRead
INFO: Detected non-HTTP/2 connection.
Jan 23, 2023 2:15:47 AM io.gapi.emulators.netty.NotFoundHandler handleRequest
INFO: Unknown request URI: /ws/discovery
Jan 23, 2023 2:15:49 AM io.gapi.emulators.netty.HttpVersionRoutingHandler channelRead
INFO: Detected non-HTTP/2 connection.
Jan 23, 2023 2:15:49 AM io.gapi.emulators.netty.NotFoundHandler handleRequest
INFO: Unknown request URI: /ws/discovery
Jan 23, 2023 2:15:51 AM io.gapi.emulators.netty.HttpVersionRoutingHandler channelRead
INFO: Detected non-HTTP/2 connection.
Jan 23, 2023 2:15:51 AM io.gapi.emulators.netty.NotFoundHandler handleRequest
INFO: Unknown request URI: /ws/discovery
Jan 23, 2023 2:15:53 AM io.gapi.emulators.netty.HttpVersionRoutingHandler channelRead
INFO: Detected non-HTTP/2 connection.
Jan 23, 2023 2:15:53 AM io.gapi.emulators.netty.NotFoundHandler handleRequest
INFO: Unknown request URI: /ws/discovery
Jan 23, 2023 2:15:55 AM io.gapi.emulators.netty.HttpVersionRoutingHandler channelRead
INFO: Detected non-HTTP/2 connection.
Jan 23, 2023 2:15:55 AM io.gapi.emulators.netty.NotFoundHandler handleRequest
INFO: Unknown request URI: /ws/discovery
Jan 23, 2023 2:15:57 AM io.gapi.emulators.netty.HttpVersionRoutingHandler channelRead
INFO: Detected non-HTTP/2 connection.
Jan 23, 2023 2:15:57 AM io.gapi.emulators.netty.NotFoundHandler handleRequest
INFO: Unknown request URI: /ws/discovery
Jan 23, 2023 2:15:59 AM io.gapi.emulators.netty.HttpVersionRoutingHandler channelRead
INFO: Detected non-HTTP/2 connection.
Jan 23, 2023 2:15:59 AM io.gapi.emulators.netty.NotFoundHandler handleRequest
INFO: Unknown request URI: /ws/discovery
Jan 23, 2023 2:16:01 AM io.gapi.emulators.netty.HttpVersionRoutingHandler channelRead
INFO: Detected non-HTTP/2 connection.
Jan 23, 2023 2:16:01 AM io.gapi.emulators.netty.NotFoundHandler handleRequest
INFO: Unknown request URI: /ws/discovery
Jan 23, 2023 2:16:03 AM io.gapi.emulators.netty.HttpVersionRoutingHandler channelRead
INFO: Detected non-HTTP/2 connection.
Jan 23, 2023 2:16:03 AM io.gapi.emulators.netty.NotFoundHandler handleRequest
INFO: Unknown request URI: /ws/discovery
Jan 23, 2023 2:16:05 AM io.gapi.emulators.netty.HttpVersionRoutingHandler channelRead
INFO: Detected non-HTTP/2 connection.
Jan 23, 2023 2:16:05 AM io.gapi.emulators.netty.NotFoundHandler handleRequest
INFO: Unknown request URI: /ws/discovery
Jan 23, 2023 2:16:07 AM io.gapi.emulators.netty.HttpVersionRoutingHandler channelRead
INFO: Detected non-HTTP/2 connection.
Jan 23, 2023 2:16:07 AM io.gapi.emulators.netty.NotFoundHandler handleRequest
INFO: Unknown request URI: /ws/discovery
Jan 23, 2023 2:16:09 AM io.gapi.emulators.netty.HttpVersionRoutingHandler channelRead
INFO: Detected non-HTTP/2 connection.
Jan 23, 2023 2:16:09 AM io.gapi.emulators.netty.NotFoundHandler handleRequest
INFO: Unknown request URI: /ws/discovery
Jan 23, 2023 2:16:11 AM io.gapi.emulators.netty.HttpVersionRoutingHandler channelRead
INFO: Detected non-HTTP/2 connection.
Jan 23, 2023 2:16:11 AM io.gapi.emulators.netty.NotFoundHandler handleRequest
INFO: Unknown request URI: /ws/discovery
Jan 23, 2023 2:16:13 AM io.gapi.emulators.netty.HttpVersionRoutingHandler channelRead
INFO: Detected non-HTTP/2 connection.
Jan 23, 2023 2:16:13 AM io.gapi.emulators.netty.NotFoundHandler handleRequest
INFO: Unknown request URI: /ws/discovery
Jan 23, 2023 2:16:15 AM io.gapi.emulators.netty.HttpVersionRoutingHandler channelRead
INFO: Detected non-HTTP/2 connection.
Jan 23, 2023 2:16:15 AM io.gapi.emulators.netty.NotFoundHandler handleRequest
INFO: Unknown request URI: /ws/discovery
Jan 23, 2023 2:16:17 AM io.gapi.emulators.netty.HttpVersionRoutingHandler channelRead
INFO: Detected non-HTTP/2 connection.
Jan 23, 2023 2:16:17 AM io.gapi.emulators.netty.NotFoundHandler handleRequest
INFO: Unknown request URI: /ws/discovery
Jan 23, 2023 2:16:18 AM io.gapi.emulators.netty.HttpVersionRoutingHandler channelRead
INFO: Detected non-HTTP/2 connection.
Jan 23, 2023 2:16:19 AM io.gapi.emulators.netty.HttpVersionRoutingHandler channelRead
INFO: Detected non-HTTP/2 connection.
Jan 23, 2023 2:16:19 AM io.gapi.emulators.netty.NotFoundHandler handleRequest
INFO: Unknown request URI: /ws/discovery
Jan 23, 2023 2:16:21 AM io.gapi.emulators.netty.HttpVersionRoutingHandler channelRead
INFO: Detected non-HTTP/2 connection.
Jan 23, 2023 2:16:21 AM io.gapi.emulators.netty.NotFoundHandler handleRequest
INFO: Unknown request URI: /ws/discovery
Jan 23, 2023 2:16:23 AM io.gapi.emulators.netty.HttpVersionRoutingHandler channelRead
INFO: Detected non-HTTP/2 connection.
Jan 23, 2023 2:16:23 AM io.gapi.emulators.netty.NotFoundHandler handleRequest
INFO: Unknown request URI: /ws/discovery
Jan 23, 2023 2:16:25 AM io.gapi.emulators.netty.HttpVersionRoutingHandler channelRead
INFO: Detected non-HTTP/2 connection.
Jan 23, 2023 2:16:25 AM io.gapi.emulators.netty.NotFoundHandler handleRequest
INFO: Unknown request URI: /ws/discovery
Jan 23, 2023 2:16:27 AM io.gapi.emulators.netty.HttpVersionRoutingHandler channelRead
INFO: Detected non-HTTP/2 connection.
Jan 23, 2023 2:16:27 AM io.gapi.emulators.netty.NotFoundHandler handleRequest
INFO: Unknown request URI: /ws/discovery
Jan 23, 2023 2:16:29 AM io.gapi.emulators.netty.HttpVersionRoutingHandler channelRead
INFO: Detected non-HTTP/2 connection.
Jan 23, 2023 2:16:29 AM io.gapi.emulators.netty.NotFoundHandler handleRequest
INFO: Unknown request URI: /ws/discovery
Jan 23, 2023 2:16:31 AM io.gapi.emulators.netty.HttpVersionRoutingHandler channelRead
INFO: Detected non-HTTP/2 connection.
Jan 23, 2023 2:16:31 AM io.gapi.emulators.netty.NotFoundHandler handleRequest
INFO: Unknown request URI: /ws/discovery
Jan 23, 2023 2:16:33 AM io.gapi.emulators.netty.HttpVersionRoutingHandler channelRead
INFO: Detected non-HTTP/2 connection.
Jan 23, 2023 2:16:33 AM io.gapi.emulators.netty.NotFoundHandler handleRequest
INFO: Unknown request URI: /ws/discovery
Jan 23, 2023 2:16:35 AM io.gapi.emulators.netty.HttpVersionRoutingHandler channelRead
INFO: Detected non-HTTP/2 connection.
Jan 23, 2023 2:16:35 AM io.gapi.emulators.netty.NotFoundHandler handleRequest
INFO: Unknown request URI: /ws/discovery
Jan 23, 2023 2:16:37 AM io.gapi.emulators.netty.HttpVersionRoutingHandler channelRead
INFO: Detected non-HTTP/2 connection.
Jan 23, 2023 2:16:37 AM io.gapi.emulators.netty.NotFoundHandler handleRequest
INFO: Unknown request URI: /ws/discovery
Jan 23, 2023 2:16:39 AM io.gapi.emulators.netty.HttpVersionRoutingHandler channelRead
INFO: Detected non-HTTP/2 connection.
Jan 23, 2023 2:16:39 AM io.gapi.emulators.netty.NotFoundHandler handleRequest
INFO: Unknown request URI: /ws/discovery
Jan 23, 2023 2:16:41 AM io.gapi.emulators.netty.HttpVersionRoutingHandler channelRead
INFO: Detected non-HTTP/2 connection.
Jan 23, 2023 2:16:41 AM io.gapi.emulators.netty.NotFoundHandler handleRequest
INFO: Unknown request URI: /ws/discovery
Jan 23, 2023 2:16:43 AM io.gapi.emulators.netty.HttpVersionRoutingHandler channelRead
INFO: Detected non-HTTP/2 connection.
Jan 23, 2023 2:16:43 AM io.gapi.emulators.netty.NotFoundHandler handleRequest
INFO: Unknown request URI: /ws/discovery
Jan 23, 2023 2:16:45 AM io.gapi.emulators.netty.HttpVersionRoutingHandler channelRead
INFO: Detected non-HTTP/2 connection.
Jan 23, 2023 2:16:45 AM io.gapi.emulators.netty.NotFoundHandler handleRequest
INFO: Unknown request URI: /ws/discovery
Jan 23, 2023 2:16:47 AM io.gapi.emulators.netty.HttpVersionRoutingHandler channelRead
INFO: Detected non-HTTP/2 connection.
Jan 23, 2023 2:16:47 AM io.gapi.emulators.netty.NotFoundHandler handleRequest
INFO: Unknown request URI: /ws/discovery
Jan 23, 2023 2:16:49 AM io.gapi.emulators.netty.HttpVersionRoutingHandler channelRead
INFO: Detected non-HTTP/2 connection.
Jan 23, 2023 2:16:49 AM io.gapi.emulators.netty.NotFoundHandler handleRequest
INFO: Unknown request URI: /ws/discovery
Jan 23, 2023 2:16:51 AM io.gapi.emulators.netty.HttpVersionRoutingHandler channelRead
INFO: Detected non-HTTP/2 connection.
Jan 23, 2023 2:16:51 AM io.gapi.emulators.netty.NotFoundHandler handleRequest
INFO: Unknown request URI: /ws/discovery
Jan 23, 2023 2:16:53 AM io.gapi.emulators.netty.HttpVersionRoutingHandler channelRead
INFO: Detected non-HTTP/2 connection.
Jan 23, 2023 2:16:53 AM io.gapi.emulators.netty.NotFoundHandler handleRequest
INFO: Unknown request URI: /ws/discovery
Jan 23, 2023 2:16:55 AM io.gapi.emulators.netty.HttpVersionRoutingHandler channelRead
INFO: Detected non-HTTP/2 connection.
Jan 23, 2023 2:16:55 AM io.gapi.emulators.netty.NotFoundHandler handleRequest
INFO: Unknown request URI: /ws/discovery
Jan 23, 2023 2:16:57 AM io.gapi.emulators.netty.HttpVersionRoutingHandler channelRead
INFO: Detected non-HTTP/2 connection.
Jan 23, 2023 2:16:57 AM io.gapi.emulators.netty.NotFoundHandler handleRequest
INFO: Unknown request URI: /ws/discovery
Jan 23, 2023 2:16:59 AM io.gapi.emulators.netty.HttpVersionRoutingHandler channelRead
INFO: Detected non-HTTP/2 connection.
Jan 23, 2023 2:16:59 AM io.gapi.emulators.netty.NotFoundHandler handleRequest
INFO: Unknown request URI: /ws/discovery
Jan 23, 2023 2:17:01 AM io.gapi.emulators.netty.HttpVersionRoutingHandler channelRead
INFO: Detected non-HTTP/2 connection.
Jan 23, 2023 2:17:01 AM io.gapi.emulators.netty.NotFoundHandler handleRequest
INFO: Unknown request URI: /ws/discovery
Jan 23, 2023 2:17:03 AM io.gapi.emulators.netty.HttpVersionRoutingHandler channelRead
INFO: Detected non-HTTP/2 connection.
Jan 23, 2023 2:17:03 AM io.gapi.emulators.netty.NotFoundHandler handleRequest
INFO: Unknown request URI: /ws/discovery
Jan 23, 2023 2:17:05 AM io.gapi.emulators.netty.HttpVersionRoutingHandler channelRead
INFO: Detected non-HTTP/2 connection.
Jan 23, 2023 2:17:05 AM io.gapi.emulators.netty.NotFoundHandler handleRequest
INFO: Unknown request URI: /ws/discovery
Jan 23, 2023 2:17:07 AM io.gapi.emulators.netty.HttpVersionRoutingHandler channelRead
INFO: Detected non-HTTP/2 connection.
Jan 23, 2023 2:17:07 AM io.gapi.emulators.netty.NotFoundHandler handleRequest
INFO: Unknown request URI: /ws/discovery
Jan 23, 2023 2:17:09 AM io.gapi.emulators.netty.HttpVersionRoutingHandler channelRead
INFO: Detected non-HTTP/2 connection.
Jan 23, 2023 2:17:09 AM io.gapi.emulators.netty.NotFoundHandler handleRequest
INFO: Unknown request URI: /ws/discovery
Jan 23, 2023 2:17:11 AM io.gapi.emulators.netty.HttpVersionRoutingHandler channelRead
INFO: Detected non-HTTP/2 connection.
Jan 23, 2023 2:17:11 AM io.gapi.emulators.netty.NotFoundHandler handleRequest
INFO: Unknown request URI: /ws/discovery
Jan 23, 2023 2:17:13 AM io.gapi.emulators.netty.HttpVersionRoutingHandler channelRead
INFO: Detected non-HTTP/2 connection.
Jan 23, 2023 2:17:13 AM io.gapi.emulators.netty.NotFoundHandler handleRequest
INFO: Unknown request URI: /ws/discovery
Jan 23, 2023 2:17:15 AM io.gapi.emulators.netty.HttpVersionRoutingHandler channelRead
INFO: Detected non-HTTP/2 connection.
Jan 23, 2023 2:17:15 AM io.gapi.emulators.netty.NotFoundHandler handleRequest
INFO: Unknown request URI: /ws/discovery
Jan 23, 2023 2:17:15 AM io.gapi.emulators.netty.HttpVersionRoutingHandler channelRead
INFO: Detected non-HTTP/2 connection.
Jan 23, 2023 2:17:15 AM io.gapi.emulators.netty.HttpVersionRoutingHandler channelRead
INFO: Detected non-HTTP/2 connection.
Jan 23, 2023 2:17:18 AM io.gapi.emulators.netty.HttpVersionRoutingHandler channelRead
INFO: Detected non-HTTP/2 connection.
Jan 23, 2023 2:18:18 AM io.gapi.emulators.netty.HttpVersionRoutingHandler channelRead
INFO: Detected non-HTTP/2 connection.
Jan 23, 2023 2:19:18 AM io.gapi.emulators.netty.HttpVersionRoutingHandler channelRead
INFO: Detected non-HTTP/2 connection.
Jan 23, 2023 2:20:18 AM io.gapi.emulators.netty.HttpVersionRoutingHandler channelRead
INFO: Detected non-HTTP/2 connection.
Jan 23, 2023 2:21:18 AM io.gapi.emulators.netty.HttpVersionRoutingHandler channelRead
INFO: Detected non-HTTP/2 connection.
Jan 23, 2023 2:22:18 AM io.gapi.emulators.netty.HttpVersionRoutingHandler channelRead
INFO: Detected non-HTTP/2 connection.
Jan 23, 2023 2:23:18 AM io.gapi.emulators.netty.HttpVersionRoutingHandler channelRead
INFO: Detected non-HTTP/2 connection.
Jan 23, 2023 2:24:07 AM io.gapi.emulators.netty.HttpVersionRoutingHandler channelRead
INFO: Detected non-HTTP/2 connection.
Jan 23, 2023 2:24:52 AM io.gapi.emulators.netty.HttpVersionRoutingHandler channelRead
INFO: Detected non-HTTP/2 connection.
Jan 23, 2023 2:26:08 AM io.gapi.emulators.netty.HttpVersionRoutingHandler channelRead
INFO: Detected non-HTTP/2 connection.
Jan 23, 2023 2:27:08 AM io.gapi.emulators.netty.HttpVersionRoutingHandler channelRead
INFO: Detected non-HTTP/2 connection.
Jan 23, 2023 2:28:08 AM io.gapi.emulators.netty.HttpVersionRoutingHandler channelRead
INFO: Detected non-HTTP/2 connection.
Jan 23, 2023 2:28:15 AM io.gapi.emulators.netty.HttpVersionRoutingHandler channelRead
INFO: Detected HTTP/2 connection.
Jan 23, 2023 2:29:13 AM io.gapi.emulators.netty.HttpVersionRoutingHandler channelRead
INFO: Detected non-HTTP/2 connection.
Jan 23, 2023 2:30:13 AM io.gapi.emulators.netty.HttpVersionRoutingHandler channelRead
INFO: Detected non-HTTP/2 connection.
Jan 23, 2023 2:31:13 AM io.gapi.emulators.netty.HttpVersionRoutingHandler channelRead
INFO: Detected non-HTTP/2 connection.
Jan 23, 2023 2:32:13 AM io.gapi.emulators.netty.HttpVersionRoutingHandler channelRead
INFO: Detected non-HTTP/2 connection.
Jan 23, 2023 2:33:13 AM io.gapi.emulators.netty.HttpVersionRoutingHandler channelRead
INFO: Detected non-HTTP/2 connection.
Jan 23, 2023 2:34:01 AM io.gapi.emulators.netty.HttpVersionRoutingHandler channelRead
INFO: Detected non-HTTP/2 connection.
Jan 23, 2023 2:35:01 AM io.gapi.emulators.netty.HttpVersionRoutingHandler channelRead
INFO: Detected non-HTTP/2 connection.
Jan 23, 2023 2:35:58 AM io.gapi.emulators.netty.HttpVersionRoutingHandler channelRead
INFO: Detected non-HTTP/2 connection.
Jan 23, 2023 2:36:59 AM io.gapi.emulators.netty.HttpVersionRoutingHandler channelRead
INFO: Detected non-HTTP/2 connection.
Jan 23, 2023 2:37:59 AM io.gapi.emulators.netty.HttpVersionRoutingHandler channelRead
INFO: Detected non-HTTP/2 connection.
Jan 23, 2023 2:38:59 AM io.gapi.emulators.netty.HttpVersionRoutingHandler channelRead
INFO: Detected non-HTTP/2 connection.
Jan 23, 2023 2:39:47 AM io.gapi.emulators.netty.HttpVersionRoutingHandler channelRead
INFO: Detected non-HTTP/2 connection.
Jan 23, 2023 2:39:47 AM io.gapi.emulators.netty.HttpVersionRoutingHandler channelRead
INFO: Detected non-HTTP/2 connection.
Jan 23, 2023 2:39:47 AM io.gapi.emulators.netty.HttpVersionRoutingHandler channelRead
INFO: Detected non-HTTP/2 connection.
Jan 23, 2023 2:39:47 AM io.gapi.emulators.netty.HttpVersionRoutingHandler channelRead
INFO: Detected non-HTTP/2 connection.
Jan 23, 2023 2:39:47 AM io.gapi.emulators.netty.NotFoundHandler handleRequest
INFO: Unknown request URI: /ws/discovery
Jan 23, 2023 2:39:49 AM io.gapi.emulators.netty.HttpVersionRoutingHandler channelRead
INFO: Detected non-HTTP/2 connection.
Jan 23, 2023 2:39:49 AM io.gapi.emulators.netty.NotFoundHandler handleRequest
INFO: Unknown request URI: /ws/discovery
Jan 23, 2023 2:39:51 AM io.gapi.emulators.netty.HttpVersionRoutingHandler channelRead
INFO: Detected non-HTTP/2 connection.
Jan 23, 2023 2:39:51 AM io.gapi.emulators.netty.HttpVersionRoutingHandler channelRead
INFO: Detected non-HTTP/2 connection.
Jan 23, 2023 2:39:51 AM io.gapi.emulators.netty.HttpVersionRoutingHandler channelRead
INFO: Detected non-HTTP/2 connection.
Jan 23, 2023 2:39:51 AM io.gapi.emulators.netty.HttpVersionRoutingHandler channelRead
INFO: Detected non-HTTP/2 connection.
Jan 23, 2023 2:39:51 AM io.gapi.emulators.netty.NotFoundHandler handleRequest
INFO: Unknown request URI: /ws/discovery
Jan 23, 2023 2:39:52 AM io.gapi.emulators.netty.HttpVersionRoutingHandler channelRead
INFO: Detected non-HTTP/2 connection.
Jan 23, 2023 2:39:53 AM io.gapi.emulators.netty.HttpVersionRoutingHandler channelRead
INFO: Detected non-HTTP/2 connection.
Jan 23, 2023 2:39:53 AM io.gapi.emulators.netty.HttpVersionRoutingHandler channelRead
INFO: Detected non-HTTP/2 connection.
Jan 23, 2023 2:39:53 AM io.gapi.emulators.netty.NotFoundHandler handleRequest
INFO: Unknown request URI: /ws/discovery
Jan 23, 2023 2:39:55 AM io.gapi.emulators.netty.HttpVersionRoutingHandler channelRead
INFO: Detected non-HTTP/2 connection.
Jan 23, 2023 2:39:55 AM io.gapi.emulators.netty.NotFoundHandler handleRequest
INFO: Unknown request URI: /ws/discovery
Jan 23, 2023 2:39:57 AM io.gapi.emulators.netty.HttpVersionRoutingHandler channelRead
INFO: Detected non-HTTP/2 connection.
Jan 23, 2023 2:39:57 AM io.gapi.emulators.netty.NotFoundHandler handleRequest
INFO: Unknown request URI: /ws/discovery
Jan 23, 2023 2:40:53 AM io.gapi.emulators.netty.HttpVersionRoutingHandler channelRead
INFO: Detected non-HTTP/2 connection.
Jan 23, 2023 2:42:09 AM io.gapi.emulators.netty.HttpVersionRoutingHandler channelRead
INFO: Detected non-HTTP/2 connection.
Jan 23, 2023 2:43:25 AM io.gapi.emulators.netty.HttpVersionRoutingHandler channelRead
INFO: Detected non-HTTP/2 connection.
Jan 23, 2023 2:44:25 AM io.gapi.emulators.netty.HttpVersionRoutingHandler channelRead
INFO: Detected non-HTTP/2 connection.
Jan 23, 2023 2:45:25 AM io.gapi.emulators.netty.HttpVersionRoutingHandler channelRead
INFO: Detected non-HTTP/2 connection.
Jan 23, 2023 2:46:25 AM io.gapi.emulators.netty.HttpVersionRoutingHandler channelRead
INFO: Detected non-HTTP/2 connection.
Jan 23, 2023 2:47:25 AM io.gapi.emulators.netty.HttpVersionRoutingHandler channelRead
INFO: Detected non-HTTP/2 connection.
Jan 23, 2023 2:48:25 AM io.gapi.emulators.netty.HttpVersionRoutingHandler channelRead
INFO: Detected non-HTTP/2 connection.
Jan 23, 2023 2:49:38 AM io.gapi.emulators.netty.HttpVersionRoutingHandler channelRead
INFO: Detected non-HTTP/2 connection.
Jan 23, 2023 2:50:31 AM io.gapi.emulators.netty.HttpVersionRoutingHandler channelRead
INFO: Detected non-HTTP/2 connection.
Jan 23, 2023 2:50:31 AM io.gapi.emulators.netty.HttpVersionRoutingHandler channelRead
INFO: Detected non-HTTP/2 connection.
Jan 23, 2023 2:50:31 AM io.gapi.emulators.netty.HttpVersionRoutingHandler channelRead
INFO: Detected non-HTTP/2 connection.
Jan 23, 2023 2:50:31 AM io.gapi.emulators.netty.HttpVersionRoutingHandler channelRead
INFO: Detected non-HTTP/2 connection.
Jan 23, 2023 2:50:31 AM io.gapi.emulators.netty.NotFoundHandler handleRequest
INFO: Unknown request URI: /ws/discovery
Jan 23, 2023 2:50:33 AM io.gapi.emulators.netty.HttpVersionRoutingHandler channelRead
INFO: Detected non-HTTP/2 connection.
Jan 23, 2023 2:50:33 AM io.gapi.emulators.netty.HttpVersionRoutingHandler channelRead
INFO: Detected non-HTTP/2 connection.
Jan 23, 2023 2:50:33 AM io.gapi.emulators.netty.HttpVersionRoutingHandler channelRead
INFO: Detected non-HTTP/2 connection.
Jan 23, 2023 2:50:34 AM io.gapi.emulators.netty.HttpVersionRoutingHandler channelRead
INFO: Detected non-HTTP/2 connection.
Jan 23, 2023 2:50:34 AM io.gapi.emulators.netty.NotFoundHandler handleRequest
INFO: Unknown request URI: /ws/discovery
Jan 23, 2023 2:50:36 AM io.gapi.emulators.netty.HttpVersionRoutingHandler channelRead
INFO: Detected non-HTTP/2 connection.
Jan 23, 2023 2:50:36 AM io.gapi.emulators.netty.NotFoundHandler handleRequest
INFO: Unknown request URI: /ws/discovery
Jan 23, 2023 2:50:38 AM io.gapi.emulators.netty.HttpVersionRoutingHandler channelRead
INFO: Detected non-HTTP/2 connection.
Jan 23, 2023 2:50:38 AM io.gapi.emulators.netty.NotFoundHandler handleRequest
INFO: Unknown request URI: /ws/discovery
Jan 23, 2023 2:51:21 AM io.gapi.emulators.netty.HttpVersionRoutingHandler channelRead
INFO: Detected non-HTTP/2 connection.
Jan 23, 2023 2:52:21 AM io.gapi.emulators.netty.HttpVersionRoutingHandler channelRead
INFO: Detected non-HTTP/2 connection.
Jan 23, 2023 2:53:21 AM io.gapi.emulators.netty.HttpVersionRoutingHandler channelRead
INFO: Detected non-HTTP/2 connection.
Jan 23, 2023 2:53:37 AM io.gapi.emulators.netty.HttpVersionRoutingHandler channelRead
INFO: Detected non-HTTP/2 connection.
Jan 23, 2023 2:53:37 AM io.gapi.emulators.netty.NotFoundHandler handleRequest
INFO: Unknown request URI: /ws/discovery
Jan 23, 2023 2:53:40 AM io.gapi.emulators.netty.HttpVersionRoutingHandler channelRead
INFO: Detected non-HTTP/2 connection.
Jan 23, 2023 2:53:40 AM io.gapi.emulators.netty.NotFoundHandler handleRequest
INFO: Unknown request URI: /ws/discovery
Jan 23, 2023 2:53:58 AM io.gapi.emulators.netty.HttpVersionRoutingHandler channelRead
INFO: Detected non-HTTP/2 connection.
Jan 23, 2023 2:53:58 AM io.gapi.emulators.netty.NotFoundHandler handleRequest
INFO: Unknown request URI: /ws/discovery
Jan 23, 2023 2:54:02 AM io.gapi.emulators.netty.HttpVersionRoutingHandler channelRead
INFO: Detected non-HTTP/2 connection.
Jan 23, 2023 2:54:02 AM io.gapi.emulators.netty.NotFoundHandler handleRequest
INFO: Unknown request URI: /ws/discovery
Jan 23, 2023 2:54:04 AM io.gapi.emulators.netty.HttpVersionRoutingHandler channelRead
INFO: Detected non-HTTP/2 connection.
Jan 23, 2023 2:54:04 AM io.gapi.emulators.netty.NotFoundHandler handleRequest
INFO: Unknown request URI: /ws/discovery
Jan 23, 2023 2:54:06 AM io.gapi.emulators.netty.HttpVersionRoutingHandler channelRead
INFO: Detected non-HTTP/2 connection.
Jan 23, 2023 2:54:52 AM io.gapi.emulators.netty.HttpVersionRoutingHandler channelRead
INFO: Detected non-HTTP/2 connection.
Jan 23, 2023 2:55:38 AM io.gapi.emulators.netty.HttpVersionRoutingHandler channelRead
INFO: Detected non-HTTP/2 connection.
Jan 23, 2023 2:56:38 AM io.gapi.emulators.netty.HttpVersionRoutingHandler channelRead
INFO: Detected non-HTTP/2 connection.
Jan 23, 2023 2:57:38 AM io.gapi.emulators.netty.HttpVersionRoutingHandler channelRead
INFO: Detected non-HTTP/2 connection.
Jan 23, 2023 2:58:38 AM io.gapi.emulators.netty.HttpVersionRoutingHandler channelRead
INFO: Detected non-HTTP/2 connection.
Jan 23, 2023 2:59:38 AM io.gapi.emulators.netty.HttpVersionRoutingHandler channelRead
INFO: Detected non-HTTP/2 connection.
Jan 23, 2023 3:00:38 AM io.gapi.emulators.netty.HttpVersionRoutingHandler channelRead
INFO: Detected non-HTTP/2 connection.
Jan 23, 2023 3:01:38 AM io.gapi.emulators.netty.HttpVersionRoutingHandler channelRead
INFO: Detected non-HTTP/2 connection.
Jan 23, 2023 3:02:38 AM io.gapi.emulators.netty.HttpVersionRoutingHandler channelRead
INFO: Detected non-HTTP/2 connection.
Jan 23, 2023 3:02:42 AM io.gapi.emulators.netty.HttpVersionRoutingHandler channelRead
INFO: Detected non-HTTP/2 connection.
*** shutting down gRPC server since JVM is shutting down
*** server shut down
